2015-01-15 10:24:06 [ERROR] - [org.apache.hadoop.util.Shell]: Failed to locate the winutils binary in the hadoop binary path
 java.io.IOException: Could not locate executable null\bin\winutils.exe in the Hadoop binaries.
	at org.apache.hadoop.util.Shell.getQualifiedBinPath(Shell.java:278)
	at org.apache.hadoop.util.Shell.getWinUtilsPath(Shell.java:300)
	at org.apache.hadoop.util.Shell.<clinit>(Shell.java:293)
	at org.apache.hadoop.util.StringUtils.<clinit>(StringUtils.java:76)
	at org.apache.hadoop.conf.Configuration.getStrings(Configuration.java:1514)
	at org.apache.hadoop.hbase.zookeeper.ZKConfig.makeZKProps(ZKConfig.java:113)
	at org.apache.hadoop.hbase.zookeeper.ZKConfig.getZKQuorumServersString(ZKConfig.java:265)
	at org.apache.hadoop.hbase.zookeeper.ZooKeeperWatcher.<init>(ZooKeeperWatcher.java:159)
	at org.apache.hadoop.hbase.zookeeper.ZooKeeperWatcher.<init>(ZooKeeperWatcher.java:134)
	at org.apache.hadoop.hbase.client.ZooKeeperKeepAliveConnection.<init>(ZooKeeperKeepAliveConnection.java:43)
	at org.apache.hadoop.hbase.client.HConnectionManager$HConnectionImplementation.getKeepAliveZooKeeperWatcher(HConnectionManager.java:1768)
	at org.apache.hadoop.hbase.client.ZooKeeperRegistry.getClusterId(ZooKeeperRegistry.java:82)
	at org.apache.hadoop.hbase.client.HConnectionManager$HConnectionImplementation.retrieveClusterId(HConnectionManager.java:857)
	at org.apache.hadoop.hbase.client.HConnectionManager$HConnectionImplementation.<init>(HConnectionManager.java:662)
	at sun.reflect.NativeConstructorAccessorImpl.newInstance0(Native Method)
	at sun.reflect.NativeConstructorAccessorImpl.newInstance(NativeConstructorAccessorImpl.java:57)
	at sun.reflect.DelegatingConstructorAccessorImpl.newInstance(DelegatingConstructorAccessorImpl.java:45)
	at java.lang.reflect.Constructor.newInstance(Constructor.java:525)
	at org.apache.hadoop.hbase.client.HConnectionManager.createConnection(HConnectionManager.java:414)
	at org.apache.hadoop.hbase.client.HConnectionManager.createConnection(HConnectionManager.java:393)
	at org.apache.hadoop.hbase.client.HConnectionManager.getConnection(HConnectionManager.java:274)
	at org.apache.hadoop.hbase.client.HTable.<init>(HTable.java:188)
	at org.apache.hadoop.hbase.client.HTable.<init>(HTable.java:165)
	at org.apache.hadoop.hbase.client.HTableFactory.createHTableInterface(HTableFactory.java:39)
	at org.apache.hadoop.hbase.client.HTablePool.createHTable(HTablePool.java:271)
	at org.apache.hadoop.hbase.client.HTablePool.findOrCreateTable(HTablePool.java:201)
	at org.apache.hadoop.hbase.client.HTablePool.getTable(HTablePool.java:180)
	at com.wondersgroup.cloud.medicine.hbase.service.impl.HbaseServiceImpl.insertData(HbaseServiceImpl.java:140)
	at com.wondersgroup.cloud.HbaseServiceTest.insertDataTest(HbaseServiceTest.java:24)
	at sun.reflect.NativeMethodAccessorImpl.invoke0(Native Method)
	at sun.reflect.NativeMethodAccessorImpl.invoke(NativeMethodAccessorImpl.java:57)
	at sun.reflect.DelegatingMethodAccessorImpl.invoke(DelegatingMethodAccessorImpl.java:43)
	at java.lang.reflect.Method.invoke(Method.java:601)
	at junit.framework.TestCase.runTest(TestCase.java:154)
	at junit.framework.TestCase.runBare(TestCase.java:127)
	at junit.framework.TestResult$1.protect(TestResult.java:106)
	at junit.framework.TestResult.runProtected(TestResult.java:124)
	at junit.framework.TestResult.run(TestResult.java:109)
	at junit.framework.TestCase.run(TestCase.java:118)
	at org.eclipse.jdt.internal.junit.runner.junit3.JUnit3TestReference.run(JUnit3TestReference.java:130)
	at org.eclipse.jdt.internal.junit.runner.TestExecution.run(TestExecution.java:38)
	at org.eclipse.jdt.internal.junit.runner.RemoteTestRunner.runTests(RemoteTestRunner.java:467)
	at org.eclipse.jdt.internal.junit.runner.RemoteTestRunner.runTests(RemoteTestRunner.java:683)
	at org.eclipse.jdt.internal.junit.runner.RemoteTestRunner.run(RemoteTestRunner.java:390)
	at org.eclipse.jdt.internal.junit.runner.RemoteTestRunner.main(RemoteTestRunner.java:197)
2015-01-15 10:24:57 [ERROR] - [org.apache.hadoop.hbase.zookeeper.RecoverableZooKeeper]: ZooKeeper exists failed after 4 attempts
 2015-01-15 10:24:57 [ERROR] - [org.apache.hadoop.hbase.zookeeper.ZooKeeperWatcher]: hconnection-0x67efb699, quorum=10.1.64.69:2181,10.1.64.70:2181,10.1.64.68:2181, baseZNode=/hbase-unsecure Received unexpected KeeperException, re-throwing exception
 org.apache.zookeeper.KeeperException$ConnectionLossException: KeeperErrorCode = ConnectionLoss for /hbase-unsecure/hbaseid
	at org.apache.zookeeper.KeeperException.create(KeeperException.java:90)
	at org.apache.zookeeper.KeeperException.create(KeeperException.java:42)
	at org.apache.zookeeper.ZooKeeper.exists(ZooKeeper.java:809)
	at org.apache.hadoop.hbase.zookeeper.RecoverableZooKeeper.exists(RecoverableZooKeeper.java:199)
	at org.apache.hadoop.hbase.zookeeper.ZKUtil.checkExists(ZKUtil.java:479)
	at org.apache.hadoop.hbase.zookeeper.ZKClusterId.readClusterIdZNode(ZKClusterId.java:65)
	at org.apache.hadoop.hbase.client.ZooKeeperRegistry.getClusterId(ZooKeeperRegistry.java:83)
	at org.apache.hadoop.hbase.client.HConnectionManager$HConnectionImplementation.retrieveClusterId(HConnectionManager.java:857)
	at org.apache.hadoop.hbase.client.HConnectionManager$HConnectionImplementation.<init>(HConnectionManager.java:662)
	at sun.reflect.NativeConstructorAccessorImpl.newInstance0(Native Method)
	at sun.reflect.NativeConstructorAccessorImpl.newInstance(NativeConstructorAccessorImpl.java:57)
	at sun.reflect.DelegatingConstructorAccessorImpl.newInstance(DelegatingConstructorAccessorImpl.java:45)
	at java.lang.reflect.Constructor.newInstance(Constructor.java:525)
	at org.apache.hadoop.hbase.client.HConnectionManager.createConnection(HConnectionManager.java:414)
	at org.apache.hadoop.hbase.client.HConnectionManager.createConnection(HConnectionManager.java:393)
	at org.apache.hadoop.hbase.client.HConnectionManager.getConnection(HConnectionManager.java:274)
	at org.apache.hadoop.hbase.client.HTable.<init>(HTable.java:188)
	at org.apache.hadoop.hbase.client.HTable.<init>(HTable.java:165)
	at org.apache.hadoop.hbase.client.HTableFactory.createHTableInterface(HTableFactory.java:39)
	at org.apache.hadoop.hbase.client.HTablePool.createHTable(HTablePool.java:271)
	at org.apache.hadoop.hbase.client.HTablePool.findOrCreateTable(HTablePool.java:201)
	at org.apache.hadoop.hbase.client.HTablePool.getTable(HTablePool.java:180)
	at com.wondersgroup.cloud.medicine.hbase.service.impl.HbaseServiceImpl.insertData(HbaseServiceImpl.java:140)
	at com.wondersgroup.cloud.HbaseServiceTest.insertDataTest(HbaseServiceTest.java:24)
	at sun.reflect.NativeMethodAccessorImpl.invoke0(Native Method)
	at sun.reflect.NativeMethodAccessorImpl.invoke(NativeMethodAccessorImpl.java:57)
	at sun.reflect.DelegatingMethodAccessorImpl.invoke(DelegatingMethodAccessorImpl.java:43)
	at java.lang.reflect.Method.invoke(Method.java:601)
	at junit.framework.TestCase.runTest(TestCase.java:154)
	at junit.framework.TestCase.runBare(TestCase.java:127)
	at junit.framework.TestResult$1.protect(TestResult.java:106)
	at junit.framework.TestResult.runProtected(TestResult.java:124)
	at junit.framework.TestResult.run(TestResult.java:109)
	at junit.framework.TestCase.run(TestCase.java:118)
	at org.eclipse.jdt.internal.junit.runner.junit3.JUnit3TestReference.run(JUnit3TestReference.java:130)
	at org.eclipse.jdt.internal.junit.runner.TestExecution.run(TestExecution.java:38)
	at org.eclipse.jdt.internal.junit.runner.RemoteTestRunner.runTests(RemoteTestRunner.java:467)
	at org.eclipse.jdt.internal.junit.runner.RemoteTestRunner.runTests(RemoteTestRunner.java:683)
	at org.eclipse.jdt.internal.junit.runner.RemoteTestRunner.run(RemoteTestRunner.java:390)
	at org.eclipse.jdt.internal.junit.runner.RemoteTestRunner.main(RemoteTestRunner.java:197)
2015-01-15 10:25:55 [ERROR] - [org.apache.hadoop.util.Shell]: Failed to locate the winutils binary in the hadoop binary path
 java.io.IOException: Could not locate executable null\bin\winutils.exe in the Hadoop binaries.
	at org.apache.hadoop.util.Shell.getQualifiedBinPath(Shell.java:278)
	at org.apache.hadoop.util.Shell.getWinUtilsPath(Shell.java:300)
	at org.apache.hadoop.util.Shell.<clinit>(Shell.java:293)
	at org.apache.hadoop.util.StringUtils.<clinit>(StringUtils.java:76)
	at org.apache.hadoop.conf.Configuration.getStrings(Configuration.java:1514)
	at org.apache.hadoop.hbase.zookeeper.ZKConfig.makeZKProps(ZKConfig.java:113)
	at org.apache.hadoop.hbase.zookeeper.ZKConfig.getZKQuorumServersString(ZKConfig.java:265)
	at org.apache.hadoop.hbase.zookeeper.ZooKeeperWatcher.<init>(ZooKeeperWatcher.java:159)
	at org.apache.hadoop.hbase.zookeeper.ZooKeeperWatcher.<init>(ZooKeeperWatcher.java:134)
	at org.apache.hadoop.hbase.client.ZooKeeperKeepAliveConnection.<init>(ZooKeeperKeepAliveConnection.java:43)
	at org.apache.hadoop.hbase.client.HConnectionManager$HConnectionImplementation.getKeepAliveZooKeeperWatcher(HConnectionManager.java:1768)
	at org.apache.hadoop.hbase.client.ZooKeeperRegistry.getClusterId(ZooKeeperRegistry.java:82)
	at org.apache.hadoop.hbase.client.HConnectionManager$HConnectionImplementation.retrieveClusterId(HConnectionManager.java:857)
	at org.apache.hadoop.hbase.client.HConnectionManager$HConnectionImplementation.<init>(HConnectionManager.java:662)
	at sun.reflect.NativeConstructorAccessorImpl.newInstance0(Native Method)
	at sun.reflect.NativeConstructorAccessorImpl.newInstance(NativeConstructorAccessorImpl.java:57)
	at sun.reflect.DelegatingConstructorAccessorImpl.newInstance(DelegatingConstructorAccessorImpl.java:45)
	at java.lang.reflect.Constructor.newInstance(Constructor.java:525)
	at org.apache.hadoop.hbase.client.HConnectionManager.createConnection(HConnectionManager.java:414)
	at org.apache.hadoop.hbase.client.HConnectionManager.createConnection(HConnectionManager.java:393)
	at org.apache.hadoop.hbase.client.HConnectionManager.getConnection(HConnectionManager.java:274)
	at org.apache.hadoop.hbase.client.HTable.<init>(HTable.java:188)
	at org.apache.hadoop.hbase.client.HTable.<init>(HTable.java:165)
	at org.apache.hadoop.hbase.client.HTableFactory.createHTableInterface(HTableFactory.java:39)
	at org.apache.hadoop.hbase.client.HTablePool.createHTable(HTablePool.java:271)
	at org.apache.hadoop.hbase.client.HTablePool.findOrCreateTable(HTablePool.java:201)
	at org.apache.hadoop.hbase.client.HTablePool.getTable(HTablePool.java:180)
	at com.wondersgroup.cloud.medicine.hbase.service.impl.HbaseServiceImpl.insertData(HbaseServiceImpl.java:140)
	at com.wondersgroup.cloud.HbaseServiceTest.insertDataTest(HbaseServiceTest.java:24)
	at sun.reflect.NativeMethodAccessorImpl.invoke0(Native Method)
	at sun.reflect.NativeMethodAccessorImpl.invoke(NativeMethodAccessorImpl.java:57)
	at sun.reflect.DelegatingMethodAccessorImpl.invoke(DelegatingMethodAccessorImpl.java:43)
	at java.lang.reflect.Method.invoke(Method.java:601)
	at junit.framework.TestCase.runTest(TestCase.java:154)
	at junit.framework.TestCase.runBare(TestCase.java:127)
	at junit.framework.TestResult$1.protect(TestResult.java:106)
	at junit.framework.TestResult.runProtected(TestResult.java:124)
	at junit.framework.TestResult.run(TestResult.java:109)
	at junit.framework.TestCase.run(TestCase.java:118)
	at org.eclipse.jdt.internal.junit.runner.junit3.JUnit3TestReference.run(JUnit3TestReference.java:130)
	at org.eclipse.jdt.internal.junit.runner.TestExecution.run(TestExecution.java:38)
	at org.eclipse.jdt.internal.junit.runner.RemoteTestRunner.runTests(RemoteTestRunner.java:467)
	at org.eclipse.jdt.internal.junit.runner.RemoteTestRunner.runTests(RemoteTestRunner.java:683)
	at org.eclipse.jdt.internal.junit.runner.RemoteTestRunner.run(RemoteTestRunner.java:390)
	at org.eclipse.jdt.internal.junit.runner.RemoteTestRunner.main(RemoteTestRunner.java:197)
2015-01-15 12:12:59 [ERROR] - [org.apache.hadoop.hbase.zookeeper.RecoverableZooKeeper]: ZooKeeper exists failed after 3 retries
 2015-01-15 12:12:59 [ERROR] - [org.apache.hadoop.hbase.zookeeper.ZooKeeperWatcher]: hconnection-0x71884f64 Received unexpected KeeperException, re-throwing exception
 org.apache.zookeeper.KeeperException$ConnectionLossException: KeeperErrorCode = ConnectionLoss for /hbase-unsecure/hbaseid
	at org.apache.zookeeper.KeeperException.create(KeeperException.java:90)
	at org.apache.zookeeper.KeeperException.create(KeeperException.java:42)
	at org.apache.zookeeper.ZooKeeper.exists(ZooKeeper.java:809)
	at org.apache.hadoop.hbase.zookeeper.RecoverableZooKeeper.exists(RecoverableZooKeeper.java:202)
	at org.apache.hadoop.hbase.zookeeper.ZKUtil.checkExists(ZKUtil.java:482)
	at org.apache.hadoop.hbase.zookeeper.ZKClusterId.readClusterIdZNode(ZKClusterId.java:65)
	at org.apache.hadoop.hbase.client.ZooKeeperRegistry.getClusterId(ZooKeeperRegistry.java:83)
	at org.apache.hadoop.hbase.client.HConnectionManager$HConnectionImplementation.retrieveClusterId(HConnectionManager.java:778)
	at org.apache.hadoop.hbase.client.HConnectionManager$HConnectionImplementation.<init>(HConnectionManager.java:618)
	at sun.reflect.NativeConstructorAccessorImpl.newInstance0(Native Method)
	at sun.reflect.NativeConstructorAccessorImpl.newInstance(NativeConstructorAccessorImpl.java:57)
	at sun.reflect.DelegatingConstructorAccessorImpl.newInstance(DelegatingConstructorAccessorImpl.java:45)
	at java.lang.reflect.Constructor.newInstance(Constructor.java:525)
	at org.apache.hadoop.hbase.client.HConnectionManager.createConnection(HConnectionManager.java:377)
	at org.apache.hadoop.hbase.client.HConnectionManager.createConnection(HConnectionManager.java:358)
	at org.apache.hadoop.hbase.client.HConnectionManager.getConnection(HConnectionManager.java:293)
	at org.apache.hadoop.hbase.client.HTable.<init>(HTable.java:191)
	at org.apache.hadoop.hbase.client.HTable.<init>(HTable.java:168)
	at org.apache.hadoop.hbase.client.HTableFactory.createHTableInterface(HTableFactory.java:39)
	at org.apache.hadoop.hbase.client.HTablePool.createHTable(HTablePool.java:272)
	at org.apache.hadoop.hbase.client.HTablePool.findOrCreateTable(HTablePool.java:202)
	at org.apache.hadoop.hbase.client.HTablePool.getTable(HTablePool.java:181)
	at com.wondersgroup.cloud.medicine.hbase.service.impl.HbaseServiceImpl.insertData(HbaseServiceImpl.java:140)
	at com.wondersgroup.cloud.HbaseServiceTest.insertDataTest(HbaseServiceTest.java:24)
	at sun.reflect.NativeMethodAccessorImpl.invoke0(Native Method)
	at sun.reflect.NativeMethodAccessorImpl.invoke(NativeMethodAccessorImpl.java:57)
	at sun.reflect.DelegatingMethodAccessorImpl.invoke(DelegatingMethodAccessorImpl.java:43)
	at java.lang.reflect.Method.invoke(Method.java:601)
	at junit.framework.TestCase.runTest(TestCase.java:154)
	at junit.framework.TestCase.runBare(TestCase.java:127)
	at junit.framework.TestResult$1.protect(TestResult.java:106)
	at junit.framework.TestResult.runProtected(TestResult.java:124)
	at junit.framework.TestResult.run(TestResult.java:109)
	at junit.framework.TestCase.run(TestCase.java:118)
	at org.eclipse.jdt.internal.junit.runner.junit3.JUnit3TestReference.run(JUnit3TestReference.java:130)
	at org.eclipse.jdt.internal.junit.runner.TestExecution.run(TestExecution.java:38)
	at org.eclipse.jdt.internal.junit.runner.RemoteTestRunner.runTests(RemoteTestRunner.java:467)
	at org.eclipse.jdt.internal.junit.runner.RemoteTestRunner.runTests(RemoteTestRunner.java:683)
	at org.eclipse.jdt.internal.junit.runner.RemoteTestRunner.run(RemoteTestRunner.java:390)
	at org.eclipse.jdt.internal.junit.runner.RemoteTestRunner.main(RemoteTestRunner.java:197)
2015-01-15 12:18:28 [ERROR] - [org.apache.hadoop.util.Shell]: Failed to locate the winutils binary in the hadoop binary path
 java.io.IOException: Could not locate executable null\bin\winutils.exe in the Hadoop binaries.
	at org.apache.hadoop.util.Shell.getQualifiedBinPath(Shell.java:272)
	at org.apache.hadoop.util.Shell.getWinUtilsPath(Shell.java:294)
	at org.apache.hadoop.util.Shell.<clinit>(Shell.java:287)
	at org.apache.hadoop.util.StringUtils.<clinit>(StringUtils.java:76)
	at org.apache.hadoop.conf.Configuration.getStrings(Configuration.java:1507)
	at org.apache.hadoop.hbase.zookeeper.ZKConfig.makeZKProps(ZKConfig.java:115)
	at org.apache.hadoop.hbase.zookeeper.ZKConfig.getZKQuorumServersString(ZKConfig.java:267)
	at org.apache.hadoop.hbase.zookeeper.ZooKeeperWatcher.<init>(ZooKeeperWatcher.java:161)
	at org.apache.hadoop.hbase.zookeeper.ZooKeeperWatcher.<init>(ZooKeeperWatcher.java:136)
	at org.apache.hadoop.hbase.client.ZooKeeperKeepAliveConnection.<init>(ZooKeeperKeepAliveConnection.java:43)
	at org.apache.hadoop.hbase.client.HConnectionManager$HConnectionImplementation.getKeepAliveZooKeeperWatcher(HConnectionManager.java:1788)
	at org.apache.hadoop.hbase.client.ZooKeeperRegistry.getClusterId(ZooKeeperRegistry.java:82)
	at org.apache.hadoop.hbase.client.HConnectionManager$HConnectionImplementation.retrieveClusterId(HConnectionManager.java:778)
	at org.apache.hadoop.hbase.client.HConnectionManager$HConnectionImplementation.<init>(HConnectionManager.java:618)
	at sun.reflect.NativeConstructorAccessorImpl.newInstance0(Native Method)
	at sun.reflect.NativeConstructorAccessorImpl.newInstance(NativeConstructorAccessorImpl.java:57)
	at sun.reflect.DelegatingConstructorAccessorImpl.newInstance(DelegatingConstructorAccessorImpl.java:45)
	at java.lang.reflect.Constructor.newInstance(Constructor.java:525)
	at org.apache.hadoop.hbase.client.HConnectionManager.createConnection(HConnectionManager.java:377)
	at org.apache.hadoop.hbase.client.HConnectionManager.createConnection(HConnectionManager.java:358)
	at org.apache.hadoop.hbase.client.HConnectionManager.getConnection(HConnectionManager.java:293)
	at org.apache.hadoop.hbase.client.HTable.<init>(HTable.java:191)
	at org.apache.hadoop.hbase.client.HTable.<init>(HTable.java:168)
	at org.apache.hadoop.hbase.client.HTableFactory.createHTableInterface(HTableFactory.java:39)
	at org.apache.hadoop.hbase.client.HTablePool.createHTable(HTablePool.java:272)
	at org.apache.hadoop.hbase.client.HTablePool.findOrCreateTable(HTablePool.java:202)
	at org.apache.hadoop.hbase.client.HTablePool.getTable(HTablePool.java:181)
	at com.wondersgroup.cloud.medicine.hbase.service.impl.HbaseServiceImpl.insertData(HbaseServiceImpl.java:140)
	at com.wondersgroup.cloud.HbaseServiceTest.insertDataTest(HbaseServiceTest.java:24)
	at sun.reflect.NativeMethodAccessorImpl.invoke0(Native Method)
	at sun.reflect.NativeMethodAccessorImpl.invoke(NativeMethodAccessorImpl.java:57)
	at sun.reflect.DelegatingMethodAccessorImpl.invoke(DelegatingMethodAccessorImpl.java:43)
	at java.lang.reflect.Method.invoke(Method.java:601)
	at junit.framework.TestCase.runTest(TestCase.java:164)
	at junit.framework.TestCase.runBare(TestCase.java:130)
	at junit.framework.TestResult$1.protect(TestResult.java:106)
	at junit.framework.TestResult.runProtected(TestResult.java:124)
	at junit.framework.TestResult.run(TestResult.java:109)
	at junit.framework.TestCase.run(TestCase.java:120)
	at org.eclipse.jdt.internal.junit.runner.junit3.JUnit3TestReference.run(JUnit3TestReference.java:130)
	at org.eclipse.jdt.internal.junit.runner.TestExecution.run(TestExecution.java:38)
	at org.eclipse.jdt.internal.junit.runner.RemoteTestRunner.runTests(RemoteTestRunner.java:467)
	at org.eclipse.jdt.internal.junit.runner.RemoteTestRunner.runTests(RemoteTestRunner.java:683)
	at org.eclipse.jdt.internal.junit.runner.RemoteTestRunner.run(RemoteTestRunner.java:390)
	at org.eclipse.jdt.internal.junit.runner.RemoteTestRunner.main(RemoteTestRunner.java:197)
2015-01-15 12:21:39 [ERROR] - [org.apache.hadoop.util.Shell]: Failed to locate the winutils binary in the hadoop binary path
 java.io.IOException: Could not locate executable null\bin\winutils.exe in the Hadoop binaries.
	at org.apache.hadoop.util.Shell.getQualifiedBinPath(Shell.java:272)
	at org.apache.hadoop.util.Shell.getWinUtilsPath(Shell.java:294)
	at org.apache.hadoop.util.Shell.<clinit>(Shell.java:287)
	at org.apache.hadoop.util.StringUtils.<clinit>(StringUtils.java:76)
	at org.apache.hadoop.conf.Configuration.getStrings(Configuration.java:1507)
	at org.apache.hadoop.hbase.zookeeper.ZKConfig.makeZKProps(ZKConfig.java:115)
	at org.apache.hadoop.hbase.zookeeper.ZKConfig.getZKQuorumServersString(ZKConfig.java:267)
	at org.apache.hadoop.hbase.zookeeper.ZooKeeperWatcher.<init>(ZooKeeperWatcher.java:161)
	at org.apache.hadoop.hbase.zookeeper.ZooKeeperWatcher.<init>(ZooKeeperWatcher.java:136)
	at org.apache.hadoop.hbase.client.ZooKeeperKeepAliveConnection.<init>(ZooKeeperKeepAliveConnection.java:43)
	at org.apache.hadoop.hbase.client.HConnectionManager$HConnectionImplementation.getKeepAliveZooKeeperWatcher(HConnectionManager.java:1788)
	at org.apache.hadoop.hbase.client.ZooKeeperRegistry.getClusterId(ZooKeeperRegistry.java:82)
	at org.apache.hadoop.hbase.client.HConnectionManager$HConnectionImplementation.retrieveClusterId(HConnectionManager.java:778)
	at org.apache.hadoop.hbase.client.HConnectionManager$HConnectionImplementation.<init>(HConnectionManager.java:618)
	at sun.reflect.NativeConstructorAccessorImpl.newInstance0(Native Method)
	at sun.reflect.NativeConstructorAccessorImpl.newInstance(NativeConstructorAccessorImpl.java:57)
	at sun.reflect.DelegatingConstructorAccessorImpl.newInstance(DelegatingConstructorAccessorImpl.java:45)
	at java.lang.reflect.Constructor.newInstance(Constructor.java:525)
	at org.apache.hadoop.hbase.client.HConnectionManager.createConnection(HConnectionManager.java:377)
	at org.apache.hadoop.hbase.client.HConnectionManager.createConnection(HConnectionManager.java:358)
	at org.apache.hadoop.hbase.client.HConnectionManager.getConnection(HConnectionManager.java:293)
	at org.apache.hadoop.hbase.client.HTable.<init>(HTable.java:191)
	at org.apache.hadoop.hbase.client.HTable.<init>(HTable.java:168)
	at org.apache.hadoop.hbase.client.HTableFactory.createHTableInterface(HTableFactory.java:39)
	at org.apache.hadoop.hbase.client.HTablePool.createHTable(HTablePool.java:272)
	at org.apache.hadoop.hbase.client.HTablePool.findOrCreateTable(HTablePool.java:202)
	at org.apache.hadoop.hbase.client.HTablePool.getTable(HTablePool.java:181)
	at com.wondersgroup.cloud.medicine.hbase.service.impl.HbaseServiceImpl.insertData(HbaseServiceImpl.java:140)
	at com.wondersgroup.cloud.HbaseServiceTest.insertDataTest(HbaseServiceTest.java:24)
	at sun.reflect.NativeMethodAccessorImpl.invoke0(Native Method)
	at sun.reflect.NativeMethodAccessorImpl.invoke(NativeMethodAccessorImpl.java:57)
	at sun.reflect.DelegatingMethodAccessorImpl.invoke(DelegatingMethodAccessorImpl.java:43)
	at java.lang.reflect.Method.invoke(Method.java:601)
	at junit.framework.TestCase.runTest(TestCase.java:164)
	at junit.framework.TestCase.runBare(TestCase.java:130)
	at junit.framework.TestResult$1.protect(TestResult.java:106)
	at junit.framework.TestResult.runProtected(TestResult.java:124)
	at junit.framework.TestResult.run(TestResult.java:109)
	at junit.framework.TestCase.run(TestCase.java:120)
	at org.eclipse.jdt.internal.junit.runner.junit3.JUnit3TestReference.run(JUnit3TestReference.java:130)
	at org.eclipse.jdt.internal.junit.runner.TestExecution.run(TestExecution.java:38)
	at org.eclipse.jdt.internal.junit.runner.RemoteTestRunner.runTests(RemoteTestRunner.java:467)
	at org.eclipse.jdt.internal.junit.runner.RemoteTestRunner.runTests(RemoteTestRunner.java:683)
	at org.eclipse.jdt.internal.junit.runner.RemoteTestRunner.run(RemoteTestRunner.java:390)
	at org.eclipse.jdt.internal.junit.runner.RemoteTestRunner.main(RemoteTestRunner.java:197)
2015-01-15 12:24:29 [ERROR] - [org.apache.hadoop.util.Shell]: Failed to locate the winutils binary in the hadoop binary path
 java.io.IOException: Could not locate executable null\bin\winutils.exe in the Hadoop binaries.
	at org.apache.hadoop.util.Shell.getQualifiedBinPath(Shell.java:272)
	at org.apache.hadoop.util.Shell.getWinUtilsPath(Shell.java:294)
	at org.apache.hadoop.util.Shell.<clinit>(Shell.java:287)
	at org.apache.hadoop.util.StringUtils.<clinit>(StringUtils.java:76)
	at org.apache.hadoop.conf.Configuration.getStrings(Configuration.java:1507)
	at org.apache.hadoop.hbase.zookeeper.ZKConfig.makeZKProps(ZKConfig.java:115)
	at org.apache.hadoop.hbase.zookeeper.ZKConfig.getZKQuorumServersString(ZKConfig.java:267)
	at org.apache.hadoop.hbase.zookeeper.ZooKeeperWatcher.<init>(ZooKeeperWatcher.java:161)
	at org.apache.hadoop.hbase.zookeeper.ZooKeeperWatcher.<init>(ZooKeeperWatcher.java:136)
	at org.apache.hadoop.hbase.client.ZooKeeperKeepAliveConnection.<init>(ZooKeeperKeepAliveConnection.java:43)
	at org.apache.hadoop.hbase.client.HConnectionManager$HConnectionImplementation.getKeepAliveZooKeeperWatcher(HConnectionManager.java:1788)
	at org.apache.hadoop.hbase.client.ZooKeeperRegistry.getClusterId(ZooKeeperRegistry.java:82)
	at org.apache.hadoop.hbase.client.HConnectionManager$HConnectionImplementation.retrieveClusterId(HConnectionManager.java:778)
	at org.apache.hadoop.hbase.client.HConnectionManager$HConnectionImplementation.<init>(HConnectionManager.java:618)
	at sun.reflect.NativeConstructorAccessorImpl.newInstance0(Native Method)
	at sun.reflect.NativeConstructorAccessorImpl.newInstance(NativeConstructorAccessorImpl.java:57)
	at sun.reflect.DelegatingConstructorAccessorImpl.newInstance(DelegatingConstructorAccessorImpl.java:45)
	at java.lang.reflect.Constructor.newInstance(Constructor.java:525)
	at org.apache.hadoop.hbase.client.HConnectionManager.createConnection(HConnectionManager.java:377)
	at org.apache.hadoop.hbase.client.HConnectionManager.createConnection(HConnectionManager.java:358)
	at org.apache.hadoop.hbase.client.HConnectionManager.getConnection(HConnectionManager.java:293)
	at org.apache.hadoop.hbase.client.HTable.<init>(HTable.java:191)
	at org.apache.hadoop.hbase.client.HTable.<init>(HTable.java:168)
	at org.apache.hadoop.hbase.client.HTableFactory.createHTableInterface(HTableFactory.java:39)
	at org.apache.hadoop.hbase.client.HTablePool.createHTable(HTablePool.java:272)
	at org.apache.hadoop.hbase.client.HTablePool.findOrCreateTable(HTablePool.java:202)
	at org.apache.hadoop.hbase.client.HTablePool.getTable(HTablePool.java:181)
	at com.wondersgroup.cloud.medicine.hbase.service.impl.HbaseServiceImpl.insertData(HbaseServiceImpl.java:140)
	at com.wondersgroup.cloud.HbaseServiceTest.insertDataTest(HbaseServiceTest.java:24)
	at sun.reflect.NativeMethodAccessorImpl.invoke0(Native Method)
	at sun.reflect.NativeMethodAccessorImpl.invoke(NativeMethodAccessorImpl.java:57)
	at sun.reflect.DelegatingMethodAccessorImpl.invoke(DelegatingMethodAccessorImpl.java:43)
	at java.lang.reflect.Method.invoke(Method.java:601)
	at junit.framework.TestCase.runTest(TestCase.java:164)
	at junit.framework.TestCase.runBare(TestCase.java:130)
	at junit.framework.TestResult$1.protect(TestResult.java:106)
	at junit.framework.TestResult.runProtected(TestResult.java:124)
	at junit.framework.TestResult.run(TestResult.java:109)
	at junit.framework.TestCase.run(TestCase.java:120)
	at org.eclipse.jdt.internal.junit.runner.junit3.JUnit3TestReference.run(JUnit3TestReference.java:130)
	at org.eclipse.jdt.internal.junit.runner.TestExecution.run(TestExecution.java:38)
	at org.eclipse.jdt.internal.junit.runner.RemoteTestRunner.runTests(RemoteTestRunner.java:467)
	at org.eclipse.jdt.internal.junit.runner.RemoteTestRunner.runTests(RemoteTestRunner.java:683)
	at org.eclipse.jdt.internal.junit.runner.RemoteTestRunner.run(RemoteTestRunner.java:390)
	at org.eclipse.jdt.internal.junit.runner.RemoteTestRunner.main(RemoteTestRunner.java:197)
2015-01-15 12:28:19 [ERROR] - [org.apache.hadoop.util.Shell]: Failed to locate the winutils binary in the hadoop binary path
 java.io.IOException: Could not locate executable null\bin\winutils.exe in the Hadoop binaries.
	at org.apache.hadoop.util.Shell.getQualifiedBinPath(Shell.java:272)
	at org.apache.hadoop.util.Shell.getWinUtilsPath(Shell.java:294)
	at org.apache.hadoop.util.Shell.<clinit>(Shell.java:287)
	at org.apache.hadoop.util.StringUtils.<clinit>(StringUtils.java:76)
	at org.apache.hadoop.conf.Configuration.getStrings(Configuration.java:1507)
	at org.apache.hadoop.hbase.zookeeper.ZKConfig.makeZKProps(ZKConfig.java:115)
	at org.apache.hadoop.hbase.zookeeper.ZKConfig.getZKQuorumServersString(ZKConfig.java:267)
	at org.apache.hadoop.hbase.zookeeper.ZooKeeperWatcher.<init>(ZooKeeperWatcher.java:161)
	at org.apache.hadoop.hbase.zookeeper.ZooKeeperWatcher.<init>(ZooKeeperWatcher.java:136)
	at org.apache.hadoop.hbase.client.ZooKeeperKeepAliveConnection.<init>(ZooKeeperKeepAliveConnection.java:43)
	at org.apache.hadoop.hbase.client.HConnectionManager$HConnectionImplementation.getKeepAliveZooKeeperWatcher(HConnectionManager.java:1788)
	at org.apache.hadoop.hbase.client.ZooKeeperRegistry.getClusterId(ZooKeeperRegistry.java:82)
	at org.apache.hadoop.hbase.client.HConnectionManager$HConnectionImplementation.retrieveClusterId(HConnectionManager.java:778)
	at org.apache.hadoop.hbase.client.HConnectionManager$HConnectionImplementation.<init>(HConnectionManager.java:618)
	at sun.reflect.NativeConstructorAccessorImpl.newInstance0(Native Method)
	at sun.reflect.NativeConstructorAccessorImpl.newInstance(NativeConstructorAccessorImpl.java:57)
	at sun.reflect.DelegatingConstructorAccessorImpl.newInstance(DelegatingConstructorAccessorImpl.java:45)
	at java.lang.reflect.Constructor.newInstance(Constructor.java:525)
	at org.apache.hadoop.hbase.client.HConnectionManager.createConnection(HConnectionManager.java:377)
	at org.apache.hadoop.hbase.client.HConnectionManager.createConnection(HConnectionManager.java:358)
	at org.apache.hadoop.hbase.client.HConnectionManager.getConnection(HConnectionManager.java:293)
	at org.apache.hadoop.hbase.client.HTable.<init>(HTable.java:191)
	at org.apache.hadoop.hbase.client.HTable.<init>(HTable.java:168)
	at org.apache.hadoop.hbase.client.HTableFactory.createHTableInterface(HTableFactory.java:39)
	at org.apache.hadoop.hbase.client.HTablePool.createHTable(HTablePool.java:272)
	at org.apache.hadoop.hbase.client.HTablePool.findOrCreateTable(HTablePool.java:202)
	at org.apache.hadoop.hbase.client.HTablePool.getTable(HTablePool.java:181)
	at com.wondersgroup.cloud.medicine.hbase.service.impl.HbaseServiceImpl.insertData(HbaseServiceImpl.java:140)
	at com.wondersgroup.cloud.HbaseServiceTest.insertDataTest(HbaseServiceTest.java:24)
	at sun.reflect.NativeMethodAccessorImpl.invoke0(Native Method)
	at sun.reflect.NativeMethodAccessorImpl.invoke(NativeMethodAccessorImpl.java:57)
	at sun.reflect.DelegatingMethodAccessorImpl.invoke(DelegatingMethodAccessorImpl.java:43)
	at java.lang.reflect.Method.invoke(Method.java:601)
	at junit.framework.TestCase.runTest(TestCase.java:154)
	at junit.framework.TestCase.runBare(TestCase.java:127)
	at junit.framework.TestResult$1.protect(TestResult.java:106)
	at junit.framework.TestResult.runProtected(TestResult.java:124)
	at junit.framework.TestResult.run(TestResult.java:109)
	at junit.framework.TestCase.run(TestCase.java:118)
	at org.eclipse.jdt.internal.junit.runner.junit3.JUnit3TestReference.run(JUnit3TestReference.java:130)
	at org.eclipse.jdt.internal.junit.runner.TestExecution.run(TestExecution.java:38)
	at org.eclipse.jdt.internal.junit.runner.RemoteTestRunner.runTests(RemoteTestRunner.java:467)
	at org.eclipse.jdt.internal.junit.runner.RemoteTestRunner.runTests(RemoteTestRunner.java:683)
	at org.eclipse.jdt.internal.junit.runner.RemoteTestRunner.run(RemoteTestRunner.java:390)
	at org.eclipse.jdt.internal.junit.runner.RemoteTestRunner.main(RemoteTestRunner.java:197)
2015-01-15 12:29:51 [ERROR] - [org.apache.hadoop.util.Shell]: Failed to locate the winutils binary in the hadoop binary path
 java.io.IOException: Could not locate executable null\bin\winutils.exe in the Hadoop binaries.
	at org.apache.hadoop.util.Shell.getQualifiedBinPath(Shell.java:272)
	at org.apache.hadoop.util.Shell.getWinUtilsPath(Shell.java:294)
	at org.apache.hadoop.util.Shell.<clinit>(Shell.java:287)
	at org.apache.hadoop.util.StringUtils.<clinit>(StringUtils.java:76)
	at org.apache.hadoop.conf.Configuration.getStrings(Configuration.java:1507)
	at org.apache.hadoop.hbase.zookeeper.ZKConfig.makeZKProps(ZKConfig.java:115)
	at org.apache.hadoop.hbase.zookeeper.ZKConfig.getZKQuorumServersString(ZKConfig.java:267)
	at org.apache.hadoop.hbase.zookeeper.ZooKeeperWatcher.<init>(ZooKeeperWatcher.java:161)
	at org.apache.hadoop.hbase.zookeeper.ZooKeeperWatcher.<init>(ZooKeeperWatcher.java:136)
	at org.apache.hadoop.hbase.client.ZooKeeperKeepAliveConnection.<init>(ZooKeeperKeepAliveConnection.java:43)
	at org.apache.hadoop.hbase.client.HConnectionManager$HConnectionImplementation.getKeepAliveZooKeeperWatcher(HConnectionManager.java:1788)
	at org.apache.hadoop.hbase.client.ZooKeeperRegistry.getClusterId(ZooKeeperRegistry.java:82)
	at org.apache.hadoop.hbase.client.HConnectionManager$HConnectionImplementation.retrieveClusterId(HConnectionManager.java:778)
	at org.apache.hadoop.hbase.client.HConnectionManager$HConnectionImplementation.<init>(HConnectionManager.java:618)
	at sun.reflect.NativeConstructorAccessorImpl.newInstance0(Native Method)
	at sun.reflect.NativeConstructorAccessorImpl.newInstance(NativeConstructorAccessorImpl.java:39)
	at sun.reflect.DelegatingConstructorAccessorImpl.newInstance(DelegatingConstructorAccessorImpl.java:27)
	at java.lang.reflect.Constructor.newInstance(Constructor.java:513)
	at org.apache.hadoop.hbase.client.HConnectionManager.createConnection(HConnectionManager.java:377)
	at org.apache.hadoop.hbase.client.HConnectionManager.createConnection(HConnectionManager.java:358)
	at org.apache.hadoop.hbase.client.HConnectionManager.getConnection(HConnectionManager.java:293)
	at org.apache.hadoop.hbase.client.HTable.<init>(HTable.java:191)
	at org.apache.hadoop.hbase.client.HTable.<init>(HTable.java:168)
	at org.apache.hadoop.hbase.client.HTableFactory.createHTableInterface(HTableFactory.java:39)
	at org.apache.hadoop.hbase.client.HTablePool.createHTable(HTablePool.java:272)
	at org.apache.hadoop.hbase.client.HTablePool.findOrCreateTable(HTablePool.java:202)
	at org.apache.hadoop.hbase.client.HTablePool.getTable(HTablePool.java:181)
	at com.wondersgroup.cloud.medicine.hbase.service.impl.HbaseServiceImpl.insertData(HbaseServiceImpl.java:140)
	at com.wondersgroup.cloud.HbaseServiceTest.insertDataTest(HbaseServiceTest.java:24)
	at sun.reflect.NativeMethodAccessorImpl.invoke0(Native Method)
	at sun.reflect.NativeMethodAccessorImpl.invoke(NativeMethodAccessorImpl.java:39)
	at sun.reflect.DelegatingMethodAccessorImpl.invoke(DelegatingMethodAccessorImpl.java:25)
	at java.lang.reflect.Method.invoke(Method.java:597)
	at junit.framework.TestCase.runTest(TestCase.java:154)
	at junit.framework.TestCase.runBare(TestCase.java:127)
	at junit.framework.TestResult$1.protect(TestResult.java:106)
	at junit.framework.TestResult.runProtected(TestResult.java:124)
	at junit.framework.TestResult.run(TestResult.java:109)
	at junit.framework.TestCase.run(TestCase.java:118)
	at org.eclipse.jdt.internal.junit.runner.junit3.JUnit3TestReference.run(JUnit3TestReference.java:130)
	at org.eclipse.jdt.internal.junit.runner.TestExecution.run(TestExecution.java:38)
	at org.eclipse.jdt.internal.junit.runner.RemoteTestRunner.runTests(RemoteTestRunner.java:467)
	at org.eclipse.jdt.internal.junit.runner.RemoteTestRunner.runTests(RemoteTestRunner.java:683)
	at org.eclipse.jdt.internal.junit.runner.RemoteTestRunner.run(RemoteTestRunner.java:390)
	at org.eclipse.jdt.internal.junit.runner.RemoteTestRunner.main(RemoteTestRunner.java:197)
2015-01-15 13:04:47 [ERROR] - [org.apache.hadoop.util.Shell]: Failed to locate the winutils binary in the hadoop binary path
 java.io.IOException: Could not locate executable null\bin\winutils.exe in the Hadoop binaries.
	at org.apache.hadoop.util.Shell.getQualifiedBinPath(Shell.java:272)
	at org.apache.hadoop.util.Shell.getWinUtilsPath(Shell.java:294)
	at org.apache.hadoop.util.Shell.<clinit>(Shell.java:287)
	at org.apache.hadoop.util.StringUtils.<clinit>(StringUtils.java:76)
	at org.apache.hadoop.conf.Configuration.getStrings(Configuration.java:1507)
	at org.apache.hadoop.hbase.zookeeper.ZKConfig.makeZKProps(ZKConfig.java:115)
	at org.apache.hadoop.hbase.zookeeper.ZKConfig.getZKQuorumServersString(ZKConfig.java:267)
	at org.apache.hadoop.hbase.zookeeper.ZooKeeperWatcher.<init>(ZooKeeperWatcher.java:161)
	at org.apache.hadoop.hbase.zookeeper.ZooKeeperWatcher.<init>(ZooKeeperWatcher.java:136)
	at org.apache.hadoop.hbase.client.ZooKeeperKeepAliveConnection.<init>(ZooKeeperKeepAliveConnection.java:43)
	at org.apache.hadoop.hbase.client.HConnectionManager$HConnectionImplementation.getKeepAliveZooKeeperWatcher(HConnectionManager.java:1788)
	at org.apache.hadoop.hbase.client.ZooKeeperRegistry.getClusterId(ZooKeeperRegistry.java:82)
	at org.apache.hadoop.hbase.client.HConnectionManager$HConnectionImplementation.retrieveClusterId(HConnectionManager.java:778)
	at org.apache.hadoop.hbase.client.HConnectionManager$HConnectionImplementation.<init>(HConnectionManager.java:618)
	at sun.reflect.NativeConstructorAccessorImpl.newInstance0(Native Method)
	at sun.reflect.NativeConstructorAccessorImpl.newInstance(NativeConstructorAccessorImpl.java:57)
	at sun.reflect.DelegatingConstructorAccessorImpl.newInstance(DelegatingConstructorAccessorImpl.java:45)
	at java.lang.reflect.Constructor.newInstance(Constructor.java:525)
	at org.apache.hadoop.hbase.client.HConnectionManager.createConnection(HConnectionManager.java:377)
	at org.apache.hadoop.hbase.client.HConnectionManager.createConnection(HConnectionManager.java:358)
	at org.apache.hadoop.hbase.client.HConnectionManager.getConnection(HConnectionManager.java:293)
	at org.apache.hadoop.hbase.client.HTable.<init>(HTable.java:191)
	at org.apache.hadoop.hbase.client.HTable.<init>(HTable.java:168)
	at org.apache.hadoop.hbase.client.HTableFactory.createHTableInterface(HTableFactory.java:39)
	at org.apache.hadoop.hbase.client.HTablePool.createHTable(HTablePool.java:272)
	at org.apache.hadoop.hbase.client.HTablePool.findOrCreateTable(HTablePool.java:202)
	at org.apache.hadoop.hbase.client.HTablePool.getTable(HTablePool.java:181)
	at com.wondersgroup.cloud.medicine.hbase.service.impl.HbaseServiceImpl.insertData(HbaseServiceImpl.java:140)
	at com.wondersgroup.cloud.HbaseServiceTest.insertDataTest(HbaseServiceTest.java:24)
	at sun.reflect.NativeMethodAccessorImpl.invoke0(Native Method)
	at sun.reflect.NativeMethodAccessorImpl.invoke(NativeMethodAccessorImpl.java:57)
	at sun.reflect.DelegatingMethodAccessorImpl.invoke(DelegatingMethodAccessorImpl.java:43)
	at java.lang.reflect.Method.invoke(Method.java:601)
	at junit.framework.TestCase.runTest(TestCase.java:154)
	at junit.framework.TestCase.runBare(TestCase.java:127)
	at junit.framework.TestResult$1.protect(TestResult.java:106)
	at junit.framework.TestResult.runProtected(TestResult.java:124)
	at junit.framework.TestResult.run(TestResult.java:109)
	at junit.framework.TestCase.run(TestCase.java:118)
	at org.eclipse.jdt.internal.junit.runner.junit3.JUnit3TestReference.run(JUnit3TestReference.java:130)
	at org.eclipse.jdt.internal.junit.runner.TestExecution.run(TestExecution.java:38)
	at org.eclipse.jdt.internal.junit.runner.RemoteTestRunner.runTests(RemoteTestRunner.java:467)
	at org.eclipse.jdt.internal.junit.runner.RemoteTestRunner.runTests(RemoteTestRunner.java:683)
	at org.eclipse.jdt.internal.junit.runner.RemoteTestRunner.run(RemoteTestRunner.java:390)
	at org.eclipse.jdt.internal.junit.runner.RemoteTestRunner.main(RemoteTestRunner.java:197)
2015-01-15 13:05:15 [ERROR] - [org.apache.hadoop.util.Shell]: Failed to locate the winutils binary in the hadoop binary path
 java.io.IOException: Could not locate executable null\bin\winutils.exe in the Hadoop binaries.
	at org.apache.hadoop.util.Shell.getQualifiedBinPath(Shell.java:272)
	at org.apache.hadoop.util.Shell.getWinUtilsPath(Shell.java:294)
	at org.apache.hadoop.util.Shell.<clinit>(Shell.java:287)
	at org.apache.hadoop.util.StringUtils.<clinit>(StringUtils.java:76)
	at org.apache.hadoop.conf.Configuration.getStrings(Configuration.java:1507)
	at org.apache.hadoop.hbase.zookeeper.ZKConfig.makeZKProps(ZKConfig.java:115)
	at org.apache.hadoop.hbase.zookeeper.ZKConfig.getZKQuorumServersString(ZKConfig.java:267)
	at org.apache.hadoop.hbase.zookeeper.ZooKeeperWatcher.<init>(ZooKeeperWatcher.java:161)
	at org.apache.hadoop.hbase.zookeeper.ZooKeeperWatcher.<init>(ZooKeeperWatcher.java:136)
	at org.apache.hadoop.hbase.client.ZooKeeperKeepAliveConnection.<init>(ZooKeeperKeepAliveConnection.java:43)
	at org.apache.hadoop.hbase.client.HConnectionManager$HConnectionImplementation.getKeepAliveZooKeeperWatcher(HConnectionManager.java:1788)
	at org.apache.hadoop.hbase.client.ZooKeeperRegistry.getClusterId(ZooKeeperRegistry.java:82)
	at org.apache.hadoop.hbase.client.HConnectionManager$HConnectionImplementation.retrieveClusterId(HConnectionManager.java:778)
	at org.apache.hadoop.hbase.client.HConnectionManager$HConnectionImplementation.<init>(HConnectionManager.java:618)
	at sun.reflect.NativeConstructorAccessorImpl.newInstance0(Native Method)
	at sun.reflect.NativeConstructorAccessorImpl.newInstance(NativeConstructorAccessorImpl.java:57)
	at sun.reflect.DelegatingConstructorAccessorImpl.newInstance(DelegatingConstructorAccessorImpl.java:45)
	at java.lang.reflect.Constructor.newInstance(Constructor.java:525)
	at org.apache.hadoop.hbase.client.HConnectionManager.createConnection(HConnectionManager.java:377)
	at org.apache.hadoop.hbase.client.HConnectionManager.createConnection(HConnectionManager.java:358)
	at org.apache.hadoop.hbase.client.HConnectionManager.getConnection(HConnectionManager.java:293)
	at org.apache.hadoop.hbase.client.HTable.<init>(HTable.java:191)
	at org.apache.hadoop.hbase.client.HTable.<init>(HTable.java:168)
	at org.apache.hadoop.hbase.client.HTableFactory.createHTableInterface(HTableFactory.java:39)
	at org.apache.hadoop.hbase.client.HTablePool.createHTable(HTablePool.java:272)
	at org.apache.hadoop.hbase.client.HTablePool.findOrCreateTable(HTablePool.java:202)
	at org.apache.hadoop.hbase.client.HTablePool.getTable(HTablePool.java:181)
	at com.wondersgroup.cloud.medicine.hbase.service.impl.HbaseServiceImpl.insertData(HbaseServiceImpl.java:140)
	at com.wondersgroup.cloud.HbaseServiceTest.insertDataTest(HbaseServiceTest.java:24)
	at sun.reflect.NativeMethodAccessorImpl.invoke0(Native Method)
	at sun.reflect.NativeMethodAccessorImpl.invoke(NativeMethodAccessorImpl.java:57)
	at sun.reflect.DelegatingMethodAccessorImpl.invoke(DelegatingMethodAccessorImpl.java:43)
	at java.lang.reflect.Method.invoke(Method.java:601)
	at junit.framework.TestCase.runTest(TestCase.java:154)
	at junit.framework.TestCase.runBare(TestCase.java:127)
	at junit.framework.TestResult$1.protect(TestResult.java:106)
	at junit.framework.TestResult.runProtected(TestResult.java:124)
	at junit.framework.TestResult.run(TestResult.java:109)
	at junit.framework.TestCase.run(TestCase.java:118)
	at org.eclipse.jdt.internal.junit.runner.junit3.JUnit3TestReference.run(JUnit3TestReference.java:130)
	at org.eclipse.jdt.internal.junit.runner.TestExecution.run(TestExecution.java:38)
	at org.eclipse.jdt.internal.junit.runner.RemoteTestRunner.runTests(RemoteTestRunner.java:467)
	at org.eclipse.jdt.internal.junit.runner.RemoteTestRunner.runTests(RemoteTestRunner.java:683)
	at org.eclipse.jdt.internal.junit.runner.RemoteTestRunner.run(RemoteTestRunner.java:390)
	at org.eclipse.jdt.internal.junit.runner.RemoteTestRunner.main(RemoteTestRunner.java:197)
2015-01-15 13:06:22 [ERROR] - [org.apache.hadoop.util.Shell]: Failed to locate the winutils binary in the hadoop binary path
 java.io.IOException: Could not locate executable null\bin\winutils.exe in the Hadoop binaries.
	at org.apache.hadoop.util.Shell.getQualifiedBinPath(Shell.java:272)
	at org.apache.hadoop.util.Shell.getWinUtilsPath(Shell.java:294)
	at org.apache.hadoop.util.Shell.<clinit>(Shell.java:287)
	at org.apache.hadoop.util.StringUtils.<clinit>(StringUtils.java:76)
	at org.apache.hadoop.conf.Configuration.getStrings(Configuration.java:1507)
	at org.apache.hadoop.hbase.zookeeper.ZKConfig.makeZKProps(ZKConfig.java:115)
	at org.apache.hadoop.hbase.zookeeper.ZKConfig.getZKQuorumServersString(ZKConfig.java:267)
	at org.apache.hadoop.hbase.zookeeper.ZooKeeperWatcher.<init>(ZooKeeperWatcher.java:161)
	at org.apache.hadoop.hbase.zookeeper.ZooKeeperWatcher.<init>(ZooKeeperWatcher.java:136)
	at org.apache.hadoop.hbase.client.ZooKeeperKeepAliveConnection.<init>(ZooKeeperKeepAliveConnection.java:43)
	at org.apache.hadoop.hbase.client.HConnectionManager$HConnectionImplementation.getKeepAliveZooKeeperWatcher(HConnectionManager.java:1788)
	at org.apache.hadoop.hbase.client.ZooKeeperRegistry.getClusterId(ZooKeeperRegistry.java:82)
	at org.apache.hadoop.hbase.client.HConnectionManager$HConnectionImplementation.retrieveClusterId(HConnectionManager.java:778)
	at org.apache.hadoop.hbase.client.HConnectionManager$HConnectionImplementation.<init>(HConnectionManager.java:618)
	at sun.reflect.NativeConstructorAccessorImpl.newInstance0(Native Method)
	at sun.reflect.NativeConstructorAccessorImpl.newInstance(NativeConstructorAccessorImpl.java:57)
	at sun.reflect.DelegatingConstructorAccessorImpl.newInstance(DelegatingConstructorAccessorImpl.java:45)
	at java.lang.reflect.Constructor.newInstance(Constructor.java:525)
	at org.apache.hadoop.hbase.client.HConnectionManager.createConnection(HConnectionManager.java:377)
	at org.apache.hadoop.hbase.client.HConnectionManager.createConnection(HConnectionManager.java:358)
	at org.apache.hadoop.hbase.client.HConnectionManager.getConnection(HConnectionManager.java:293)
	at org.apache.hadoop.hbase.client.HTable.<init>(HTable.java:191)
	at org.apache.hadoop.hbase.client.HTable.<init>(HTable.java:168)
	at org.apache.hadoop.hbase.client.HTableFactory.createHTableInterface(HTableFactory.java:39)
	at org.apache.hadoop.hbase.client.HTablePool.createHTable(HTablePool.java:272)
	at org.apache.hadoop.hbase.client.HTablePool.findOrCreateTable(HTablePool.java:202)
	at org.apache.hadoop.hbase.client.HTablePool.getTable(HTablePool.java:181)
	at com.wondersgroup.cloud.medicine.hbase.service.impl.HbaseServiceImpl.insertData(HbaseServiceImpl.java:140)
	at com.wondersgroup.cloud.HbaseServiceTest.insertDataTest(HbaseServiceTest.java:24)
	at sun.reflect.NativeMethodAccessorImpl.invoke0(Native Method)
	at sun.reflect.NativeMethodAccessorImpl.invoke(NativeMethodAccessorImpl.java:57)
	at sun.reflect.DelegatingMethodAccessorImpl.invoke(DelegatingMethodAccessorImpl.java:43)
	at java.lang.reflect.Method.invoke(Method.java:601)
	at junit.framework.TestCase.runTest(TestCase.java:154)
	at junit.framework.TestCase.runBare(TestCase.java:127)
	at junit.framework.TestResult$1.protect(TestResult.java:106)
	at junit.framework.TestResult.runProtected(TestResult.java:124)
	at junit.framework.TestResult.run(TestResult.java:109)
	at junit.framework.TestCase.run(TestCase.java:118)
	at org.eclipse.jdt.internal.junit.runner.junit3.JUnit3TestReference.run(JUnit3TestReference.java:130)
	at org.eclipse.jdt.internal.junit.runner.TestExecution.run(TestExecution.java:38)
	at org.eclipse.jdt.internal.junit.runner.RemoteTestRunner.runTests(RemoteTestRunner.java:467)
	at org.eclipse.jdt.internal.junit.runner.RemoteTestRunner.runTests(RemoteTestRunner.java:683)
	at org.eclipse.jdt.internal.junit.runner.RemoteTestRunner.run(RemoteTestRunner.java:390)
	at org.eclipse.jdt.internal.junit.runner.RemoteTestRunner.main(RemoteTestRunner.java:197)
2015-01-15 13:06:46 [ERROR] - [org.apache.hadoop.util.Shell]: Failed to locate the winutils binary in the hadoop binary path
 java.io.IOException: Could not locate executable null\bin\winutils.exe in the Hadoop binaries.
	at org.apache.hadoop.util.Shell.getQualifiedBinPath(Shell.java:272)
	at org.apache.hadoop.util.Shell.getWinUtilsPath(Shell.java:294)
	at org.apache.hadoop.util.Shell.<clinit>(Shell.java:287)
	at org.apache.hadoop.util.StringUtils.<clinit>(StringUtils.java:76)
	at org.apache.hadoop.conf.Configuration.getStrings(Configuration.java:1507)
	at org.apache.hadoop.hbase.zookeeper.ZKConfig.makeZKProps(ZKConfig.java:115)
	at org.apache.hadoop.hbase.zookeeper.ZKConfig.getZKQuorumServersString(ZKConfig.java:267)
	at org.apache.hadoop.hbase.zookeeper.ZooKeeperWatcher.<init>(ZooKeeperWatcher.java:161)
	at org.apache.hadoop.hbase.zookeeper.ZooKeeperWatcher.<init>(ZooKeeperWatcher.java:136)
	at org.apache.hadoop.hbase.client.ZooKeeperKeepAliveConnection.<init>(ZooKeeperKeepAliveConnection.java:43)
	at org.apache.hadoop.hbase.client.HConnectionManager$HConnectionImplementation.getKeepAliveZooKeeperWatcher(HConnectionManager.java:1788)
	at org.apache.hadoop.hbase.client.ZooKeeperRegistry.getClusterId(ZooKeeperRegistry.java:82)
	at org.apache.hadoop.hbase.client.HConnectionManager$HConnectionImplementation.retrieveClusterId(HConnectionManager.java:778)
	at org.apache.hadoop.hbase.client.HConnectionManager$HConnectionImplementation.<init>(HConnectionManager.java:618)
	at sun.reflect.NativeConstructorAccessorImpl.newInstance0(Native Method)
	at sun.reflect.NativeConstructorAccessorImpl.newInstance(NativeConstructorAccessorImpl.java:57)
	at sun.reflect.DelegatingConstructorAccessorImpl.newInstance(DelegatingConstructorAccessorImpl.java:45)
	at java.lang.reflect.Constructor.newInstance(Constructor.java:525)
	at org.apache.hadoop.hbase.client.HConnectionManager.createConnection(HConnectionManager.java:377)
	at org.apache.hadoop.hbase.client.HConnectionManager.createConnection(HConnectionManager.java:358)
	at org.apache.hadoop.hbase.client.HConnectionManager.getConnection(HConnectionManager.java:293)
	at org.apache.hadoop.hbase.client.HTable.<init>(HTable.java:191)
	at org.apache.hadoop.hbase.client.HTable.<init>(HTable.java:168)
	at org.apache.hadoop.hbase.client.HTableFactory.createHTableInterface(HTableFactory.java:39)
	at org.apache.hadoop.hbase.client.HTablePool.createHTable(HTablePool.java:272)
	at org.apache.hadoop.hbase.client.HTablePool.findOrCreateTable(HTablePool.java:202)
	at org.apache.hadoop.hbase.client.HTablePool.getTable(HTablePool.java:181)
	at com.wondersgroup.cloud.medicine.hbase.service.impl.HbaseServiceImpl.insertData(HbaseServiceImpl.java:140)
	at com.wondersgroup.cloud.HbaseServiceTest.insertDataTest(HbaseServiceTest.java:24)
	at sun.reflect.NativeMethodAccessorImpl.invoke0(Native Method)
	at sun.reflect.NativeMethodAccessorImpl.invoke(NativeMethodAccessorImpl.java:57)
	at sun.reflect.DelegatingMethodAccessorImpl.invoke(DelegatingMethodAccessorImpl.java:43)
	at java.lang.reflect.Method.invoke(Method.java:601)
	at junit.framework.TestCase.runTest(TestCase.java:154)
	at junit.framework.TestCase.runBare(TestCase.java:127)
	at junit.framework.TestResult$1.protect(TestResult.java:106)
	at junit.framework.TestResult.runProtected(TestResult.java:124)
	at junit.framework.TestResult.run(TestResult.java:109)
	at junit.framework.TestCase.run(TestCase.java:118)
	at org.eclipse.jdt.internal.junit.runner.junit3.JUnit3TestReference.run(JUnit3TestReference.java:130)
	at org.eclipse.jdt.internal.junit.runner.TestExecution.run(TestExecution.java:38)
	at org.eclipse.jdt.internal.junit.runner.RemoteTestRunner.runTests(RemoteTestRunner.java:467)
	at org.eclipse.jdt.internal.junit.runner.RemoteTestRunner.runTests(RemoteTestRunner.java:683)
	at org.eclipse.jdt.internal.junit.runner.RemoteTestRunner.run(RemoteTestRunner.java:390)
	at org.eclipse.jdt.internal.junit.runner.RemoteTestRunner.main(RemoteTestRunner.java:197)
2015-01-15 13:12:55 [ERROR] - [org.apache.hadoop.util.Shell]: Failed to locate the winutils binary in the hadoop binary path
 java.io.IOException: Could not locate executable null\bin\winutils.exe in the Hadoop binaries.
	at org.apache.hadoop.util.Shell.getQualifiedBinPath(Shell.java:272)
	at org.apache.hadoop.util.Shell.getWinUtilsPath(Shell.java:294)
	at org.apache.hadoop.util.Shell.<clinit>(Shell.java:287)
	at org.apache.hadoop.util.StringUtils.<clinit>(StringUtils.java:76)
	at org.apache.hadoop.conf.Configuration.getStrings(Configuration.java:1507)
	at org.apache.hadoop.hbase.zookeeper.ZKConfig.makeZKProps(ZKConfig.java:115)
	at org.apache.hadoop.hbase.zookeeper.ZKConfig.getZKQuorumServersString(ZKConfig.java:267)
	at org.apache.hadoop.hbase.zookeeper.ZooKeeperWatcher.<init>(ZooKeeperWatcher.java:161)
	at org.apache.hadoop.hbase.zookeeper.ZooKeeperWatcher.<init>(ZooKeeperWatcher.java:136)
	at org.apache.hadoop.hbase.client.ZooKeeperKeepAliveConnection.<init>(ZooKeeperKeepAliveConnection.java:43)
	at org.apache.hadoop.hbase.client.HConnectionManager$HConnectionImplementation.getKeepAliveZooKeeperWatcher(HConnectionManager.java:1788)
	at org.apache.hadoop.hbase.client.ZooKeeperRegistry.getClusterId(ZooKeeperRegistry.java:82)
	at org.apache.hadoop.hbase.client.HConnectionManager$HConnectionImplementation.retrieveClusterId(HConnectionManager.java:778)
	at org.apache.hadoop.hbase.client.HConnectionManager$HConnectionImplementation.<init>(HConnectionManager.java:618)
	at sun.reflect.NativeConstructorAccessorImpl.newInstance0(Native Method)
	at sun.reflect.NativeConstructorAccessorImpl.newInstance(NativeConstructorAccessorImpl.java:57)
	at sun.reflect.DelegatingConstructorAccessorImpl.newInstance(DelegatingConstructorAccessorImpl.java:45)
	at java.lang.reflect.Constructor.newInstance(Constructor.java:525)
	at org.apache.hadoop.hbase.client.HConnectionManager.createConnection(HConnectionManager.java:377)
	at org.apache.hadoop.hbase.client.HConnectionManager.createConnection(HConnectionManager.java:358)
	at org.apache.hadoop.hbase.client.HConnectionManager.getConnection(HConnectionManager.java:293)
	at org.apache.hadoop.hbase.client.HTable.<init>(HTable.java:191)
	at org.apache.hadoop.hbase.client.HTable.<init>(HTable.java:168)
	at org.apache.hadoop.hbase.client.HTableFactory.createHTableInterface(HTableFactory.java:39)
	at org.apache.hadoop.hbase.client.HTablePool.createHTable(HTablePool.java:272)
	at org.apache.hadoop.hbase.client.HTablePool.findOrCreateTable(HTablePool.java:202)
	at org.apache.hadoop.hbase.client.HTablePool.getTable(HTablePool.java:181)
	at com.wondersgroup.cloud.medicine.hbase.service.impl.HbaseServiceImpl.insertData(HbaseServiceImpl.java:140)
	at com.wondersgroup.cloud.HbaseServiceTest.insertDataTest(HbaseServiceTest.java:24)
	at sun.reflect.NativeMethodAccessorImpl.invoke0(Native Method)
	at sun.reflect.NativeMethodAccessorImpl.invoke(NativeMethodAccessorImpl.java:57)
	at sun.reflect.DelegatingMethodAccessorImpl.invoke(DelegatingMethodAccessorImpl.java:43)
	at java.lang.reflect.Method.invoke(Method.java:601)
	at junit.framework.TestCase.runTest(TestCase.java:154)
	at junit.framework.TestCase.runBare(TestCase.java:127)
	at junit.framework.TestResult$1.protect(TestResult.java:106)
	at junit.framework.TestResult.runProtected(TestResult.java:124)
	at junit.framework.TestResult.run(TestResult.java:109)
	at junit.framework.TestCase.run(TestCase.java:118)
	at org.eclipse.jdt.internal.junit.runner.junit3.JUnit3TestReference.run(JUnit3TestReference.java:130)
	at org.eclipse.jdt.internal.junit.runner.TestExecution.run(TestExecution.java:38)
	at org.eclipse.jdt.internal.junit.runner.RemoteTestRunner.runTests(RemoteTestRunner.java:467)
	at org.eclipse.jdt.internal.junit.runner.RemoteTestRunner.runTests(RemoteTestRunner.java:683)
	at org.eclipse.jdt.internal.junit.runner.RemoteTestRunner.run(RemoteTestRunner.java:390)
	at org.eclipse.jdt.internal.junit.runner.RemoteTestRunner.main(RemoteTestRunner.java:197)
2015-01-15 13:18:59 [ERROR] - [org.apache.hadoop.util.Shell]: Failed to locate the winutils binary in the hadoop binary path
 java.io.IOException: Could not locate executable null\bin\winutils.exe in the Hadoop binaries.
	at org.apache.hadoop.util.Shell.getQualifiedBinPath(Shell.java:272)
	at org.apache.hadoop.util.Shell.getWinUtilsPath(Shell.java:294)
	at org.apache.hadoop.util.Shell.<clinit>(Shell.java:287)
	at org.apache.hadoop.util.StringUtils.<clinit>(StringUtils.java:76)
	at org.apache.hadoop.conf.Configuration.getStrings(Configuration.java:1507)
	at org.apache.hadoop.hbase.zookeeper.ZKConfig.makeZKProps(ZKConfig.java:115)
	at org.apache.hadoop.hbase.zookeeper.ZKConfig.getZKQuorumServersString(ZKConfig.java:267)
	at org.apache.hadoop.hbase.zookeeper.ZooKeeperWatcher.<init>(ZooKeeperWatcher.java:161)
	at org.apache.hadoop.hbase.zookeeper.ZooKeeperWatcher.<init>(ZooKeeperWatcher.java:136)
	at org.apache.hadoop.hbase.client.ZooKeeperKeepAliveConnection.<init>(ZooKeeperKeepAliveConnection.java:43)
	at org.apache.hadoop.hbase.client.HConnectionManager$HConnectionImplementation.getKeepAliveZooKeeperWatcher(HConnectionManager.java:1788)
	at org.apache.hadoop.hbase.client.ZooKeeperRegistry.getClusterId(ZooKeeperRegistry.java:82)
	at org.apache.hadoop.hbase.client.HConnectionManager$HConnectionImplementation.retrieveClusterId(HConnectionManager.java:778)
	at org.apache.hadoop.hbase.client.HConnectionManager$HConnectionImplementation.<init>(HConnectionManager.java:618)
	at sun.reflect.NativeConstructorAccessorImpl.newInstance0(Native Method)
	at sun.reflect.NativeConstructorAccessorImpl.newInstance(NativeConstructorAccessorImpl.java:57)
	at sun.reflect.DelegatingConstructorAccessorImpl.newInstance(DelegatingConstructorAccessorImpl.java:45)
	at java.lang.reflect.Constructor.newInstance(Constructor.java:525)
	at org.apache.hadoop.hbase.client.HConnectionManager.createConnection(HConnectionManager.java:377)
	at org.apache.hadoop.hbase.client.HConnectionManager.createConnection(HConnectionManager.java:358)
	at org.apache.hadoop.hbase.client.HConnectionManager.getConnection(HConnectionManager.java:293)
	at org.apache.hadoop.hbase.client.HBaseAdmin.<init>(HBaseAdmin.java:175)
	at com.wondersgroup.cloud.medicine.hbase.service.impl.HbaseServiceImpl.createTable(HbaseServiceImpl.java:106)
	at com.wondersgroup.cloud.HbaseServiceTest.testCreateTableTest(HbaseServiceTest.java:16)
	at sun.reflect.NativeMethodAccessorImpl.invoke0(Native Method)
	at sun.reflect.NativeMethodAccessorImpl.invoke(NativeMethodAccessorImpl.java:57)
	at sun.reflect.DelegatingMethodAccessorImpl.invoke(DelegatingMethodAccessorImpl.java:43)
	at java.lang.reflect.Method.invoke(Method.java:601)
	at junit.framework.TestCase.runTest(TestCase.java:154)
	at junit.framework.TestCase.runBare(TestCase.java:127)
	at junit.framework.TestResult$1.protect(TestResult.java:106)
	at junit.framework.TestResult.runProtected(TestResult.java:124)
	at junit.framework.TestResult.run(TestResult.java:109)
	at junit.framework.TestCase.run(TestCase.java:118)
	at org.eclipse.jdt.internal.junit.runner.junit3.JUnit3TestReference.run(JUnit3TestReference.java:130)
	at org.eclipse.jdt.internal.junit.runner.TestExecution.run(TestExecution.java:38)
	at org.eclipse.jdt.internal.junit.runner.RemoteTestRunner.runTests(RemoteTestRunner.java:467)
	at org.eclipse.jdt.internal.junit.runner.RemoteTestRunner.runTests(RemoteTestRunner.java:683)
	at org.eclipse.jdt.internal.junit.runner.RemoteTestRunner.run(RemoteTestRunner.java:390)
	at org.eclipse.jdt.internal.junit.runner.RemoteTestRunner.main(RemoteTestRunner.java:197)
2015-01-15 13:19:48 [ERROR] - [org.apache.hadoop.util.Shell]: Failed to locate the winutils binary in the hadoop binary path
 java.io.IOException: Could not locate executable null\bin\winutils.exe in the Hadoop binaries.
	at org.apache.hadoop.util.Shell.getQualifiedBinPath(Shell.java:272)
	at org.apache.hadoop.util.Shell.getWinUtilsPath(Shell.java:294)
	at org.apache.hadoop.util.Shell.<clinit>(Shell.java:287)
	at org.apache.hadoop.util.StringUtils.<clinit>(StringUtils.java:76)
	at org.apache.hadoop.conf.Configuration.getStrings(Configuration.java:1507)
	at org.apache.hadoop.hbase.zookeeper.ZKConfig.makeZKProps(ZKConfig.java:115)
	at org.apache.hadoop.hbase.zookeeper.ZKConfig.getZKQuorumServersString(ZKConfig.java:267)
	at org.apache.hadoop.hbase.zookeeper.ZooKeeperWatcher.<init>(ZooKeeperWatcher.java:161)
	at org.apache.hadoop.hbase.zookeeper.ZooKeeperWatcher.<init>(ZooKeeperWatcher.java:136)
	at org.apache.hadoop.hbase.client.ZooKeeperKeepAliveConnection.<init>(ZooKeeperKeepAliveConnection.java:43)
	at org.apache.hadoop.hbase.client.HConnectionManager$HConnectionImplementation.getKeepAliveZooKeeperWatcher(HConnectionManager.java:1788)
	at org.apache.hadoop.hbase.client.ZooKeeperRegistry.getClusterId(ZooKeeperRegistry.java:82)
	at org.apache.hadoop.hbase.client.HConnectionManager$HConnectionImplementation.retrieveClusterId(HConnectionManager.java:778)
	at org.apache.hadoop.hbase.client.HConnectionManager$HConnectionImplementation.<init>(HConnectionManager.java:618)
	at sun.reflect.NativeConstructorAccessorImpl.newInstance0(Native Method)
	at sun.reflect.NativeConstructorAccessorImpl.newInstance(NativeConstructorAccessorImpl.java:57)
	at sun.reflect.DelegatingConstructorAccessorImpl.newInstance(DelegatingConstructorAccessorImpl.java:45)
	at java.lang.reflect.Constructor.newInstance(Constructor.java:525)
	at org.apache.hadoop.hbase.client.HConnectionManager.createConnection(HConnectionManager.java:377)
	at org.apache.hadoop.hbase.client.HConnectionManager.createConnection(HConnectionManager.java:358)
	at org.apache.hadoop.hbase.client.HConnectionManager.getConnection(HConnectionManager.java:293)
	at org.apache.hadoop.hbase.client.HTable.<init>(HTable.java:191)
	at org.apache.hadoop.hbase.client.HTable.<init>(HTable.java:168)
	at org.apache.hadoop.hbase.client.HTableFactory.createHTableInterface(HTableFactory.java:39)
	at org.apache.hadoop.hbase.client.HTablePool.createHTable(HTablePool.java:272)
	at org.apache.hadoop.hbase.client.HTablePool.findOrCreateTable(HTablePool.java:202)
	at org.apache.hadoop.hbase.client.HTablePool.getTable(HTablePool.java:181)
	at com.wondersgroup.cloud.medicine.hbase.service.impl.HbaseServiceImpl.insertData(HbaseServiceImpl.java:140)
	at com.wondersgroup.cloud.HbaseServiceTest.testInsertDataTest(HbaseServiceTest.java:24)
	at sun.reflect.NativeMethodAccessorImpl.invoke0(Native Method)
	at sun.reflect.NativeMethodAccessorImpl.invoke(NativeMethodAccessorImpl.java:57)
	at sun.reflect.DelegatingMethodAccessorImpl.invoke(DelegatingMethodAccessorImpl.java:43)
	at java.lang.reflect.Method.invoke(Method.java:601)
	at junit.framework.TestCase.runTest(TestCase.java:154)
	at junit.framework.TestCase.runBare(TestCase.java:127)
	at junit.framework.TestResult$1.protect(TestResult.java:106)
	at junit.framework.TestResult.runProtected(TestResult.java:124)
	at junit.framework.TestResult.run(TestResult.java:109)
	at junit.framework.TestCase.run(TestCase.java:118)
	at org.eclipse.jdt.internal.junit.runner.junit3.JUnit3TestReference.run(JUnit3TestReference.java:130)
	at org.eclipse.jdt.internal.junit.runner.TestExecution.run(TestExecution.java:38)
	at org.eclipse.jdt.internal.junit.runner.RemoteTestRunner.runTests(RemoteTestRunner.java:467)
	at org.eclipse.jdt.internal.junit.runner.RemoteTestRunner.runTests(RemoteTestRunner.java:683)
	at org.eclipse.jdt.internal.junit.runner.RemoteTestRunner.run(RemoteTestRunner.java:390)
	at org.eclipse.jdt.internal.junit.runner.RemoteTestRunner.main(RemoteTestRunner.java:197)
2015-01-15 13:22:41 [ERROR] - [org.apache.hadoop.util.Shell]: Failed to locate the winutils binary in the hadoop binary path
 java.io.IOException: Could not locate executable null\bin\winutils.exe in the Hadoop binaries.
	at org.apache.hadoop.util.Shell.getQualifiedBinPath(Shell.java:272)
	at org.apache.hadoop.util.Shell.getWinUtilsPath(Shell.java:294)
	at org.apache.hadoop.util.Shell.<clinit>(Shell.java:287)
	at org.apache.hadoop.util.StringUtils.<clinit>(StringUtils.java:76)
	at org.apache.hadoop.conf.Configuration.getStrings(Configuration.java:1507)
	at org.apache.hadoop.hbase.zookeeper.ZKConfig.makeZKProps(ZKConfig.java:115)
	at org.apache.hadoop.hbase.zookeeper.ZKConfig.getZKQuorumServersString(ZKConfig.java:267)
	at org.apache.hadoop.hbase.zookeeper.ZooKeeperWatcher.<init>(ZooKeeperWatcher.java:161)
	at org.apache.hadoop.hbase.zookeeper.ZooKeeperWatcher.<init>(ZooKeeperWatcher.java:136)
	at org.apache.hadoop.hbase.client.ZooKeeperKeepAliveConnection.<init>(ZooKeeperKeepAliveConnection.java:43)
	at org.apache.hadoop.hbase.client.HConnectionManager$HConnectionImplementation.getKeepAliveZooKeeperWatcher(HConnectionManager.java:1788)
	at org.apache.hadoop.hbase.client.ZooKeeperRegistry.getClusterId(ZooKeeperRegistry.java:82)
	at org.apache.hadoop.hbase.client.HConnectionManager$HConnectionImplementation.retrieveClusterId(HConnectionManager.java:778)
	at org.apache.hadoop.hbase.client.HConnectionManager$HConnectionImplementation.<init>(HConnectionManager.java:618)
	at sun.reflect.NativeConstructorAccessorImpl.newInstance0(Native Method)
	at sun.reflect.NativeConstructorAccessorImpl.newInstance(NativeConstructorAccessorImpl.java:57)
	at sun.reflect.DelegatingConstructorAccessorImpl.newInstance(DelegatingConstructorAccessorImpl.java:45)
	at java.lang.reflect.Constructor.newInstance(Constructor.java:525)
	at org.apache.hadoop.hbase.client.HConnectionManager.createConnection(HConnectionManager.java:377)
	at org.apache.hadoop.hbase.client.HConnectionManager.createConnection(HConnectionManager.java:358)
	at org.apache.hadoop.hbase.client.HConnectionManager.getConnection(HConnectionManager.java:293)
	at org.apache.hadoop.hbase.client.HTable.<init>(HTable.java:191)
	at org.apache.hadoop.hbase.client.HTable.<init>(HTable.java:168)
	at org.apache.hadoop.hbase.client.HTableFactory.createHTableInterface(HTableFactory.java:39)
	at org.apache.hadoop.hbase.client.HTablePool.createHTable(HTablePool.java:272)
	at org.apache.hadoop.hbase.client.HTablePool.findOrCreateTable(HTablePool.java:202)
	at org.apache.hadoop.hbase.client.HTablePool.getTable(HTablePool.java:181)
	at com.wondersgroup.cloud.medicine.hbase.service.impl.HbaseServiceImpl.insertData(HbaseServiceImpl.java:140)
	at com.wondersgroup.cloud.HbaseServiceTest.testInsertDataTest(HbaseServiceTest.java:24)
	at sun.reflect.NativeMethodAccessorImpl.invoke0(Native Method)
	at sun.reflect.NativeMethodAccessorImpl.invoke(NativeMethodAccessorImpl.java:57)
	at sun.reflect.DelegatingMethodAccessorImpl.invoke(DelegatingMethodAccessorImpl.java:43)
	at java.lang.reflect.Method.invoke(Method.java:601)
	at junit.framework.TestCase.runTest(TestCase.java:154)
	at junit.framework.TestCase.runBare(TestCase.java:127)
	at junit.framework.TestResult$1.protect(TestResult.java:106)
	at junit.framework.TestResult.runProtected(TestResult.java:124)
	at junit.framework.TestResult.run(TestResult.java:109)
	at junit.framework.TestCase.run(TestCase.java:118)
	at org.eclipse.jdt.internal.junit.runner.junit3.JUnit3TestReference.run(JUnit3TestReference.java:130)
	at org.eclipse.jdt.internal.junit.runner.TestExecution.run(TestExecution.java:38)
	at org.eclipse.jdt.internal.junit.runner.RemoteTestRunner.runTests(RemoteTestRunner.java:467)
	at org.eclipse.jdt.internal.junit.runner.RemoteTestRunner.runTests(RemoteTestRunner.java:683)
	at org.eclipse.jdt.internal.junit.runner.RemoteTestRunner.run(RemoteTestRunner.java:390)
	at org.eclipse.jdt.internal.junit.runner.RemoteTestRunner.main(RemoteTestRunner.java:197)
2015-01-15 13:23:48 [ERROR] - [org.apache.hadoop.util.Shell]: Failed to locate the winutils binary in the hadoop binary path
 java.io.IOException: Could not locate executable null\bin\winutils.exe in the Hadoop binaries.
	at org.apache.hadoop.util.Shell.getQualifiedBinPath(Shell.java:272)
	at org.apache.hadoop.util.Shell.getWinUtilsPath(Shell.java:294)
	at org.apache.hadoop.util.Shell.<clinit>(Shell.java:287)
	at org.apache.hadoop.util.StringUtils.<clinit>(StringUtils.java:76)
	at org.apache.hadoop.conf.Configuration.getStrings(Configuration.java:1507)
	at org.apache.hadoop.hbase.zookeeper.ZKConfig.makeZKProps(ZKConfig.java:115)
	at org.apache.hadoop.hbase.zookeeper.ZKConfig.getZKQuorumServersString(ZKConfig.java:267)
	at org.apache.hadoop.hbase.zookeeper.ZooKeeperWatcher.<init>(ZooKeeperWatcher.java:161)
	at org.apache.hadoop.hbase.zookeeper.ZooKeeperWatcher.<init>(ZooKeeperWatcher.java:136)
	at org.apache.hadoop.hbase.client.ZooKeeperKeepAliveConnection.<init>(ZooKeeperKeepAliveConnection.java:43)
	at org.apache.hadoop.hbase.client.HConnectionManager$HConnectionImplementation.getKeepAliveZooKeeperWatcher(HConnectionManager.java:1788)
	at org.apache.hadoop.hbase.client.ZooKeeperRegistry.getClusterId(ZooKeeperRegistry.java:82)
	at org.apache.hadoop.hbase.client.HConnectionManager$HConnectionImplementation.retrieveClusterId(HConnectionManager.java:778)
	at org.apache.hadoop.hbase.client.HConnectionManager$HConnectionImplementation.<init>(HConnectionManager.java:618)
	at sun.reflect.NativeConstructorAccessorImpl.newInstance0(Native Method)
	at sun.reflect.NativeConstructorAccessorImpl.newInstance(NativeConstructorAccessorImpl.java:57)
	at sun.reflect.DelegatingConstructorAccessorImpl.newInstance(DelegatingConstructorAccessorImpl.java:45)
	at java.lang.reflect.Constructor.newInstance(Constructor.java:525)
	at org.apache.hadoop.hbase.client.HConnectionManager.createConnection(HConnectionManager.java:377)
	at org.apache.hadoop.hbase.client.HConnectionManager.createConnection(HConnectionManager.java:358)
	at org.apache.hadoop.hbase.client.HConnectionManager.getConnection(HConnectionManager.java:293)
	at org.apache.hadoop.hbase.client.HBaseAdmin.<init>(HBaseAdmin.java:175)
	at com.wondersgroup.cloud.medicine.hbase.service.impl.HbaseServiceImpl.dropTable(HbaseServiceImpl.java:250)
	at com.wondersgroup.cloud.HbaseServiceTest.testDropTableTest(HbaseServiceTest.java:76)
	at sun.reflect.NativeMethodAccessorImpl.invoke0(Native Method)
	at sun.reflect.NativeMethodAccessorImpl.invoke(NativeMethodAccessorImpl.java:57)
	at sun.reflect.DelegatingMethodAccessorImpl.invoke(DelegatingMethodAccessorImpl.java:43)
	at java.lang.reflect.Method.invoke(Method.java:601)
	at junit.framework.TestCase.runTest(TestCase.java:154)
	at junit.framework.TestCase.runBare(TestCase.java:127)
	at junit.framework.TestResult$1.protect(TestResult.java:106)
	at junit.framework.TestResult.runProtected(TestResult.java:124)
	at junit.framework.TestResult.run(TestResult.java:109)
	at junit.framework.TestCase.run(TestCase.java:118)
	at org.eclipse.jdt.internal.junit.runner.junit3.JUnit3TestReference.run(JUnit3TestReference.java:130)
	at org.eclipse.jdt.internal.junit.runner.TestExecution.run(TestExecution.java:38)
	at org.eclipse.jdt.internal.junit.runner.RemoteTestRunner.runTests(RemoteTestRunner.java:467)
	at org.eclipse.jdt.internal.junit.runner.RemoteTestRunner.runTests(RemoteTestRunner.java:683)
	at org.eclipse.jdt.internal.junit.runner.RemoteTestRunner.run(RemoteTestRunner.java:390)
	at org.eclipse.jdt.internal.junit.runner.RemoteTestRunner.main(RemoteTestRunner.java:197)
2015-01-15 13:24:00 [ERROR] - [org.apache.hadoop.util.Shell]: Failed to locate the winutils binary in the hadoop binary path
 java.io.IOException: Could not locate executable null\bin\winutils.exe in the Hadoop binaries.
	at org.apache.hadoop.util.Shell.getQualifiedBinPath(Shell.java:272)
	at org.apache.hadoop.util.Shell.getWinUtilsPath(Shell.java:294)
	at org.apache.hadoop.util.Shell.<clinit>(Shell.java:287)
	at org.apache.hadoop.util.StringUtils.<clinit>(StringUtils.java:76)
	at org.apache.hadoop.conf.Configuration.getStrings(Configuration.java:1507)
	at org.apache.hadoop.hbase.zookeeper.ZKConfig.makeZKProps(ZKConfig.java:115)
	at org.apache.hadoop.hbase.zookeeper.ZKConfig.getZKQuorumServersString(ZKConfig.java:267)
	at org.apache.hadoop.hbase.zookeeper.ZooKeeperWatcher.<init>(ZooKeeperWatcher.java:161)
	at org.apache.hadoop.hbase.zookeeper.ZooKeeperWatcher.<init>(ZooKeeperWatcher.java:136)
	at org.apache.hadoop.hbase.client.ZooKeeperKeepAliveConnection.<init>(ZooKeeperKeepAliveConnection.java:43)
	at org.apache.hadoop.hbase.client.HConnectionManager$HConnectionImplementation.getKeepAliveZooKeeperWatcher(HConnectionManager.java:1788)
	at org.apache.hadoop.hbase.client.ZooKeeperRegistry.getClusterId(ZooKeeperRegistry.java:82)
	at org.apache.hadoop.hbase.client.HConnectionManager$HConnectionImplementation.retrieveClusterId(HConnectionManager.java:778)
	at org.apache.hadoop.hbase.client.HConnectionManager$HConnectionImplementation.<init>(HConnectionManager.java:618)
	at sun.reflect.NativeConstructorAccessorImpl.newInstance0(Native Method)
	at sun.reflect.NativeConstructorAccessorImpl.newInstance(NativeConstructorAccessorImpl.java:57)
	at sun.reflect.DelegatingConstructorAccessorImpl.newInstance(DelegatingConstructorAccessorImpl.java:45)
	at java.lang.reflect.Constructor.newInstance(Constructor.java:525)
	at org.apache.hadoop.hbase.client.HConnectionManager.createConnection(HConnectionManager.java:377)
	at org.apache.hadoop.hbase.client.HConnectionManager.createConnection(HConnectionManager.java:358)
	at org.apache.hadoop.hbase.client.HConnectionManager.getConnection(HConnectionManager.java:293)
	at org.apache.hadoop.hbase.client.HBaseAdmin.<init>(HBaseAdmin.java:175)
	at com.wondersgroup.cloud.medicine.hbase.service.impl.HbaseServiceImpl.createTable(HbaseServiceImpl.java:106)
	at com.wondersgroup.cloud.HbaseServiceTest.testCreateTableTest(HbaseServiceTest.java:16)
	at sun.reflect.NativeMethodAccessorImpl.invoke0(Native Method)
	at sun.reflect.NativeMethodAccessorImpl.invoke(NativeMethodAccessorImpl.java:57)
	at sun.reflect.DelegatingMethodAccessorImpl.invoke(DelegatingMethodAccessorImpl.java:43)
	at java.lang.reflect.Method.invoke(Method.java:601)
	at junit.framework.TestCase.runTest(TestCase.java:154)
	at junit.framework.TestCase.runBare(TestCase.java:127)
	at junit.framework.TestResult$1.protect(TestResult.java:106)
	at junit.framework.TestResult.runProtected(TestResult.java:124)
	at junit.framework.TestResult.run(TestResult.java:109)
	at junit.framework.TestCase.run(TestCase.java:118)
	at org.eclipse.jdt.internal.junit.runner.junit3.JUnit3TestReference.run(JUnit3TestReference.java:130)
	at org.eclipse.jdt.internal.junit.runner.TestExecution.run(TestExecution.java:38)
	at org.eclipse.jdt.internal.junit.runner.RemoteTestRunner.runTests(RemoteTestRunner.java:467)
	at org.eclipse.jdt.internal.junit.runner.RemoteTestRunner.runTests(RemoteTestRunner.java:683)
	at org.eclipse.jdt.internal.junit.runner.RemoteTestRunner.run(RemoteTestRunner.java:390)
	at org.eclipse.jdt.internal.junit.runner.RemoteTestRunner.main(RemoteTestRunner.java:197)
2015-01-15 14:28:34 [ERROR] - [org.apache.hadoop.util.Shell]: Failed to locate the winutils binary in the hadoop binary path
 java.io.IOException: Could not locate executable null\bin\winutils.exe in the Hadoop binaries.
	at org.apache.hadoop.util.Shell.getQualifiedBinPath(Shell.java:272)
	at org.apache.hadoop.util.Shell.getWinUtilsPath(Shell.java:294)
	at org.apache.hadoop.util.Shell.<clinit>(Shell.java:287)
	at org.apache.hadoop.util.StringUtils.<clinit>(StringUtils.java:76)
	at org.apache.hadoop.conf.Configuration.getStrings(Configuration.java:1507)
	at org.apache.hadoop.hbase.zookeeper.ZKConfig.makeZKProps(ZKConfig.java:115)
	at org.apache.hadoop.hbase.zookeeper.ZKConfig.getZKQuorumServersString(ZKConfig.java:267)
	at org.apache.hadoop.hbase.zookeeper.ZooKeeperWatcher.<init>(ZooKeeperWatcher.java:161)
	at org.apache.hadoop.hbase.zookeeper.ZooKeeperWatcher.<init>(ZooKeeperWatcher.java:136)
	at org.apache.hadoop.hbase.client.ZooKeeperKeepAliveConnection.<init>(ZooKeeperKeepAliveConnection.java:43)
	at org.apache.hadoop.hbase.client.HConnectionManager$HConnectionImplementation.getKeepAliveZooKeeperWatcher(HConnectionManager.java:1788)
	at org.apache.hadoop.hbase.client.ZooKeeperRegistry.getClusterId(ZooKeeperRegistry.java:82)
	at org.apache.hadoop.hbase.client.HConnectionManager$HConnectionImplementation.retrieveClusterId(HConnectionManager.java:778)
	at org.apache.hadoop.hbase.client.HConnectionManager$HConnectionImplementation.<init>(HConnectionManager.java:618)
	at sun.reflect.NativeConstructorAccessorImpl.newInstance0(Native Method)
	at sun.reflect.NativeConstructorAccessorImpl.newInstance(NativeConstructorAccessorImpl.java:57)
	at sun.reflect.DelegatingConstructorAccessorImpl.newInstance(DelegatingConstructorAccessorImpl.java:45)
	at java.lang.reflect.Constructor.newInstance(Constructor.java:525)
	at org.apache.hadoop.hbase.client.HConnectionManager.createConnection(HConnectionManager.java:377)
	at org.apache.hadoop.hbase.client.HConnectionManager.createConnection(HConnectionManager.java:358)
	at org.apache.hadoop.hbase.client.HConnectionManager.getConnection(HConnectionManager.java:293)
	at org.apache.hadoop.hbase.client.HBaseAdmin.<init>(HBaseAdmin.java:175)
	at com.wondersgroup.cloud.medicine.hbase.service.impl.HbaseServiceImpl.dropTable(HbaseServiceImpl.java:250)
	at com.wondersgroup.cloud.HbaseServiceTest.testDropTableTest(HbaseServiceTest.java:76)
	at sun.reflect.NativeMethodAccessorImpl.invoke0(Native Method)
	at sun.reflect.NativeMethodAccessorImpl.invoke(NativeMethodAccessorImpl.java:57)
	at sun.reflect.DelegatingMethodAccessorImpl.invoke(DelegatingMethodAccessorImpl.java:43)
	at java.lang.reflect.Method.invoke(Method.java:601)
	at junit.framework.TestCase.runTest(TestCase.java:154)
	at junit.framework.TestCase.runBare(TestCase.java:127)
	at junit.framework.TestResult$1.protect(TestResult.java:106)
	at junit.framework.TestResult.runProtected(TestResult.java:124)
	at junit.framework.TestResult.run(TestResult.java:109)
	at junit.framework.TestCase.run(TestCase.java:118)
	at org.eclipse.jdt.internal.junit.runner.junit3.JUnit3TestReference.run(JUnit3TestReference.java:130)
	at org.eclipse.jdt.internal.junit.runner.TestExecution.run(TestExecution.java:38)
	at org.eclipse.jdt.internal.junit.runner.RemoteTestRunner.runTests(RemoteTestRunner.java:467)
	at org.eclipse.jdt.internal.junit.runner.RemoteTestRunner.runTests(RemoteTestRunner.java:683)
	at org.eclipse.jdt.internal.junit.runner.RemoteTestRunner.run(RemoteTestRunner.java:390)
	at org.eclipse.jdt.internal.junit.runner.RemoteTestRunner.main(RemoteTestRunner.java:197)
2015-01-15 14:28:42 [ERROR] - [org.apache.hadoop.util.Shell]: Failed to locate the winutils binary in the hadoop binary path
 java.io.IOException: Could not locate executable null\bin\winutils.exe in the Hadoop binaries.
	at org.apache.hadoop.util.Shell.getQualifiedBinPath(Shell.java:272)
	at org.apache.hadoop.util.Shell.getWinUtilsPath(Shell.java:294)
	at org.apache.hadoop.util.Shell.<clinit>(Shell.java:287)
	at org.apache.hadoop.util.StringUtils.<clinit>(StringUtils.java:76)
	at org.apache.hadoop.conf.Configuration.getStrings(Configuration.java:1507)
	at org.apache.hadoop.hbase.zookeeper.ZKConfig.makeZKProps(ZKConfig.java:115)
	at org.apache.hadoop.hbase.zookeeper.ZKConfig.getZKQuorumServersString(ZKConfig.java:267)
	at org.apache.hadoop.hbase.zookeeper.ZooKeeperWatcher.<init>(ZooKeeperWatcher.java:161)
	at org.apache.hadoop.hbase.zookeeper.ZooKeeperWatcher.<init>(ZooKeeperWatcher.java:136)
	at org.apache.hadoop.hbase.client.ZooKeeperKeepAliveConnection.<init>(ZooKeeperKeepAliveConnection.java:43)
	at org.apache.hadoop.hbase.client.HConnectionManager$HConnectionImplementation.getKeepAliveZooKeeperWatcher(HConnectionManager.java:1788)
	at org.apache.hadoop.hbase.client.ZooKeeperRegistry.getClusterId(ZooKeeperRegistry.java:82)
	at org.apache.hadoop.hbase.client.HConnectionManager$HConnectionImplementation.retrieveClusterId(HConnectionManager.java:778)
	at org.apache.hadoop.hbase.client.HConnectionManager$HConnectionImplementation.<init>(HConnectionManager.java:618)
	at sun.reflect.NativeConstructorAccessorImpl.newInstance0(Native Method)
	at sun.reflect.NativeConstructorAccessorImpl.newInstance(NativeConstructorAccessorImpl.java:57)
	at sun.reflect.DelegatingConstructorAccessorImpl.newInstance(DelegatingConstructorAccessorImpl.java:45)
	at java.lang.reflect.Constructor.newInstance(Constructor.java:525)
	at org.apache.hadoop.hbase.client.HConnectionManager.createConnection(HConnectionManager.java:377)
	at org.apache.hadoop.hbase.client.HConnectionManager.createConnection(HConnectionManager.java:358)
	at org.apache.hadoop.hbase.client.HConnectionManager.getConnection(HConnectionManager.java:293)
	at org.apache.hadoop.hbase.client.HBaseAdmin.<init>(HBaseAdmin.java:175)
	at com.wondersgroup.cloud.medicine.hbase.service.impl.HbaseServiceImpl.createTable(HbaseServiceImpl.java:106)
	at com.wondersgroup.cloud.HbaseServiceTest.testCreateTableTest(HbaseServiceTest.java:16)
	at sun.reflect.NativeMethodAccessorImpl.invoke0(Native Method)
	at sun.reflect.NativeMethodAccessorImpl.invoke(NativeMethodAccessorImpl.java:57)
	at sun.reflect.DelegatingMethodAccessorImpl.invoke(DelegatingMethodAccessorImpl.java:43)
	at java.lang.reflect.Method.invoke(Method.java:601)
	at junit.framework.TestCase.runTest(TestCase.java:154)
	at junit.framework.TestCase.runBare(TestCase.java:127)
	at junit.framework.TestResult$1.protect(TestResult.java:106)
	at junit.framework.TestResult.runProtected(TestResult.java:124)
	at junit.framework.TestResult.run(TestResult.java:109)
	at junit.framework.TestCase.run(TestCase.java:118)
	at org.eclipse.jdt.internal.junit.runner.junit3.JUnit3TestReference.run(JUnit3TestReference.java:130)
	at org.eclipse.jdt.internal.junit.runner.TestExecution.run(TestExecution.java:38)
	at org.eclipse.jdt.internal.junit.runner.RemoteTestRunner.runTests(RemoteTestRunner.java:467)
	at org.eclipse.jdt.internal.junit.runner.RemoteTestRunner.runTests(RemoteTestRunner.java:683)
	at org.eclipse.jdt.internal.junit.runner.RemoteTestRunner.run(RemoteTestRunner.java:390)
	at org.eclipse.jdt.internal.junit.runner.RemoteTestRunner.main(RemoteTestRunner.java:197)
2015-01-15 14:32:52 [ERROR] - [org.apache.hadoop.util.Shell]: Failed to locate the winutils binary in the hadoop binary path
 java.io.IOException: Could not locate executable null\bin\winutils.exe in the Hadoop binaries.
	at org.apache.hadoop.util.Shell.getQualifiedBinPath(Shell.java:272)
	at org.apache.hadoop.util.Shell.getWinUtilsPath(Shell.java:294)
	at org.apache.hadoop.util.Shell.<clinit>(Shell.java:287)
	at org.apache.hadoop.util.StringUtils.<clinit>(StringUtils.java:76)
	at org.apache.hadoop.conf.Configuration.getStrings(Configuration.java:1507)
	at org.apache.hadoop.hbase.zookeeper.ZKConfig.makeZKProps(ZKConfig.java:115)
	at org.apache.hadoop.hbase.zookeeper.ZKConfig.getZKQuorumServersString(ZKConfig.java:267)
	at org.apache.hadoop.hbase.zookeeper.ZooKeeperWatcher.<init>(ZooKeeperWatcher.java:161)
	at org.apache.hadoop.hbase.zookeeper.ZooKeeperWatcher.<init>(ZooKeeperWatcher.java:136)
	at org.apache.hadoop.hbase.client.ZooKeeperKeepAliveConnection.<init>(ZooKeeperKeepAliveConnection.java:43)
	at org.apache.hadoop.hbase.client.HConnectionManager$HConnectionImplementation.getKeepAliveZooKeeperWatcher(HConnectionManager.java:1788)
	at org.apache.hadoop.hbase.client.ZooKeeperRegistry.getClusterId(ZooKeeperRegistry.java:82)
	at org.apache.hadoop.hbase.client.HConnectionManager$HConnectionImplementation.retrieveClusterId(HConnectionManager.java:778)
	at org.apache.hadoop.hbase.client.HConnectionManager$HConnectionImplementation.<init>(HConnectionManager.java:618)
	at sun.reflect.NativeConstructorAccessorImpl.newInstance0(Native Method)
	at sun.reflect.NativeConstructorAccessorImpl.newInstance(NativeConstructorAccessorImpl.java:57)
	at sun.reflect.DelegatingConstructorAccessorImpl.newInstance(DelegatingConstructorAccessorImpl.java:45)
	at java.lang.reflect.Constructor.newInstance(Constructor.java:525)
	at org.apache.hadoop.hbase.client.HConnectionManager.createConnection(HConnectionManager.java:377)
	at org.apache.hadoop.hbase.client.HConnectionManager.createConnection(HConnectionManager.java:358)
	at org.apache.hadoop.hbase.client.HConnectionManager.getConnection(HConnectionManager.java:293)
	at org.apache.hadoop.hbase.client.HBaseAdmin.<init>(HBaseAdmin.java:175)
	at com.wondersgroup.cloud.medicine.hbase.service.impl.HbaseServiceImpl.dropTable(HbaseServiceImpl.java:250)
	at com.wondersgroup.cloud.HbaseServiceTest.testDropTableTest(HbaseServiceTest.java:76)
	at sun.reflect.NativeMethodAccessorImpl.invoke0(Native Method)
	at sun.reflect.NativeMethodAccessorImpl.invoke(NativeMethodAccessorImpl.java:57)
	at sun.reflect.DelegatingMethodAccessorImpl.invoke(DelegatingMethodAccessorImpl.java:43)
	at java.lang.reflect.Method.invoke(Method.java:601)
	at junit.framework.TestCase.runTest(TestCase.java:154)
	at junit.framework.TestCase.runBare(TestCase.java:127)
	at junit.framework.TestResult$1.protect(TestResult.java:106)
	at junit.framework.TestResult.runProtected(TestResult.java:124)
	at junit.framework.TestResult.run(TestResult.java:109)
	at junit.framework.TestCase.run(TestCase.java:118)
	at org.eclipse.jdt.internal.junit.runner.junit3.JUnit3TestReference.run(JUnit3TestReference.java:130)
	at org.eclipse.jdt.internal.junit.runner.TestExecution.run(TestExecution.java:38)
	at org.eclipse.jdt.internal.junit.runner.RemoteTestRunner.runTests(RemoteTestRunner.java:467)
	at org.eclipse.jdt.internal.junit.runner.RemoteTestRunner.runTests(RemoteTestRunner.java:683)
	at org.eclipse.jdt.internal.junit.runner.RemoteTestRunner.run(RemoteTestRunner.java:390)
	at org.eclipse.jdt.internal.junit.runner.RemoteTestRunner.main(RemoteTestRunner.java:197)
2015-01-15 14:33:05 [ERROR] - [org.apache.hadoop.util.Shell]: Failed to locate the winutils binary in the hadoop binary path
 java.io.IOException: Could not locate executable null\bin\winutils.exe in the Hadoop binaries.
	at org.apache.hadoop.util.Shell.getQualifiedBinPath(Shell.java:272)
	at org.apache.hadoop.util.Shell.getWinUtilsPath(Shell.java:294)
	at org.apache.hadoop.util.Shell.<clinit>(Shell.java:287)
	at org.apache.hadoop.util.StringUtils.<clinit>(StringUtils.java:76)
	at org.apache.hadoop.conf.Configuration.getStrings(Configuration.java:1507)
	at org.apache.hadoop.hbase.zookeeper.ZKConfig.makeZKProps(ZKConfig.java:115)
	at org.apache.hadoop.hbase.zookeeper.ZKConfig.getZKQuorumServersString(ZKConfig.java:267)
	at org.apache.hadoop.hbase.zookeeper.ZooKeeperWatcher.<init>(ZooKeeperWatcher.java:161)
	at org.apache.hadoop.hbase.zookeeper.ZooKeeperWatcher.<init>(ZooKeeperWatcher.java:136)
	at org.apache.hadoop.hbase.client.ZooKeeperKeepAliveConnection.<init>(ZooKeeperKeepAliveConnection.java:43)
	at org.apache.hadoop.hbase.client.HConnectionManager$HConnectionImplementation.getKeepAliveZooKeeperWatcher(HConnectionManager.java:1788)
	at org.apache.hadoop.hbase.client.ZooKeeperRegistry.getClusterId(ZooKeeperRegistry.java:82)
	at org.apache.hadoop.hbase.client.HConnectionManager$HConnectionImplementation.retrieveClusterId(HConnectionManager.java:778)
	at org.apache.hadoop.hbase.client.HConnectionManager$HConnectionImplementation.<init>(HConnectionManager.java:618)
	at sun.reflect.NativeConstructorAccessorImpl.newInstance0(Native Method)
	at sun.reflect.NativeConstructorAccessorImpl.newInstance(NativeConstructorAccessorImpl.java:57)
	at sun.reflect.DelegatingConstructorAccessorImpl.newInstance(DelegatingConstructorAccessorImpl.java:45)
	at java.lang.reflect.Constructor.newInstance(Constructor.java:525)
	at org.apache.hadoop.hbase.client.HConnectionManager.createConnection(HConnectionManager.java:377)
	at org.apache.hadoop.hbase.client.HConnectionManager.createConnection(HConnectionManager.java:358)
	at org.apache.hadoop.hbase.client.HConnectionManager.getConnection(HConnectionManager.java:293)
	at org.apache.hadoop.hbase.client.HBaseAdmin.<init>(HBaseAdmin.java:175)
	at com.wondersgroup.cloud.medicine.hbase.service.impl.HbaseServiceImpl.createTable(HbaseServiceImpl.java:106)
	at com.wondersgroup.cloud.HbaseServiceTest.testCreateTableTest(HbaseServiceTest.java:16)
	at sun.reflect.NativeMethodAccessorImpl.invoke0(Native Method)
	at sun.reflect.NativeMethodAccessorImpl.invoke(NativeMethodAccessorImpl.java:57)
	at sun.reflect.DelegatingMethodAccessorImpl.invoke(DelegatingMethodAccessorImpl.java:43)
	at java.lang.reflect.Method.invoke(Method.java:601)
	at junit.framework.TestCase.runTest(TestCase.java:154)
	at junit.framework.TestCase.runBare(TestCase.java:127)
	at junit.framework.TestResult$1.protect(TestResult.java:106)
	at junit.framework.TestResult.runProtected(TestResult.java:124)
	at junit.framework.TestResult.run(TestResult.java:109)
	at junit.framework.TestCase.run(TestCase.java:118)
	at org.eclipse.jdt.internal.junit.runner.junit3.JUnit3TestReference.run(JUnit3TestReference.java:130)
	at org.eclipse.jdt.internal.junit.runner.TestExecution.run(TestExecution.java:38)
	at org.eclipse.jdt.internal.junit.runner.RemoteTestRunner.runTests(RemoteTestRunner.java:467)
	at org.eclipse.jdt.internal.junit.runner.RemoteTestRunner.runTests(RemoteTestRunner.java:683)
	at org.eclipse.jdt.internal.junit.runner.RemoteTestRunner.run(RemoteTestRunner.java:390)
	at org.eclipse.jdt.internal.junit.runner.RemoteTestRunner.main(RemoteTestRunner.java:197)
